,level,name,typeOfLevel
246,10,10 metre U wind component,heightAboveGround
245,2,2 metre relative humidity,heightAboveGround
241,2,2 metre temperature,heightAboveGround
147,500,5-wave geopotential height,isobaricInhPa
249,500,5-wave geopotential height anomaly,isobaricInhPa
119,10,Absolute vorticity,isobaricInhPa
118,20,Absolute vorticity,isobaricInhPa
117,30,Absolute vorticity,isobaricInhPa
116,50,Absolute vorticity,isobaricInhPa
115,70,Absolute vorticity,isobaricInhPa
114,100,Absolute vorticity,isobaricInhPa
113,150,Absolute vorticity,isobaricInhPa
112,200,Absolute vorticity,isobaricInhPa
111,250,Absolute vorticity,isobaricInhPa
110,300,Absolute vorticity,isobaricInhPa
109,350,Absolute vorticity,isobaricInhPa
108,400,Absolute vorticity,isobaricInhPa
107,450,Absolute vorticity,isobaricInhPa
106,500,Absolute vorticity,isobaricInhPa
105,550,Absolute vorticity,isobaricInhPa
104,600,Absolute vorticity,isobaricInhPa
103,650,Absolute vorticity,isobaricInhPa
102,700,Absolute vorticity,isobaricInhPa
101,750,Absolute vorticity,isobaricInhPa
100,800,Absolute vorticity,isobaricInhPa
99,850,Absolute vorticity,isobaricInhPa
98,900,Absolute vorticity,isobaricInhPa
97,925,Absolute vorticity,isobaricInhPa
96,950,Absolute vorticity,isobaricInhPa
95,975,Absolute vorticity,isobaricInhPa
94,1000,Absolute vorticity,isobaricInhPa
204,0,Best (4-layer) lifted index,surface
146,100,Cloud mixing ratio,isobaricInhPa
145,150,Cloud mixing ratio,isobaricInhPa
144,200,Cloud mixing ratio,isobaricInhPa
143,250,Cloud mixing ratio,isobaricInhPa
142,300,Cloud mixing ratio,isobaricInhPa
141,350,Cloud mixing ratio,isobaricInhPa
140,400,Cloud mixing ratio,isobaricInhPa
139,450,Cloud mixing ratio,isobaricInhPa
138,500,Cloud mixing ratio,isobaricInhPa
137,550,Cloud mixing ratio,isobaricInhPa
136,600,Cloud mixing ratio,isobaricInhPa
135,650,Cloud mixing ratio,isobaricInhPa
134,700,Cloud mixing ratio,isobaricInhPa
133,750,Cloud mixing ratio,isobaricInhPa
132,800,Cloud mixing ratio,isobaricInhPa
131,850,Cloud mixing ratio,isobaricInhPa
130,900,Cloud mixing ratio,isobaricInhPa
129,925,Cloud mixing ratio,isobaricInhPa
128,950,Cloud mixing ratio,isobaricInhPa
127,975,Cloud mixing ratio,isobaricInhPa
126,1000,Cloud mixing ratio,isobaricInhPa
221,0,Cloud water,unknown
202,0,Convective available potential energy,surface
205,18000,Convective available potential energy,pressureFromGroundLayer
203,0,Convective inhibition,surface
206,18000,Convective inhibition,pressureFromGroundLayer
222,0,Geopotential Height,isothermZero
207,0,Geopotential Height,maxWind
197,0,Geopotential Height,tropopause
224,0,Geopotential Height,unknown
184,2,Geopotential Height,potentialVorticity
25,10,Geopotential Height,isobaricInhPa
24,20,Geopotential Height,isobaricInhPa
23,30,Geopotential Height,isobaricInhPa
22,50,Geopotential Height,isobaricInhPa
21,70,Geopotential Height,isobaricInhPa
20,100,Geopotential Height,isobaricInhPa
19,150,Geopotential Height,isobaricInhPa
18,200,Geopotential Height,isobaricInhPa
17,250,Geopotential Height,isobaricInhPa
16,300,Geopotential Height,isobaricInhPa
15,350,Geopotential Height,isobaricInhPa
14,400,Geopotential Height,isobaricInhPa
13,450,Geopotential Height,isobaricInhPa
12,500,Geopotential Height,isobaricInhPa
11,550,Geopotential Height,isobaricInhPa
10,600,Geopotential Height,isobaricInhPa
9,650,Geopotential Height,isobaricInhPa
8,700,Geopotential Height,isobaricInhPa
7,750,Geopotential Height,isobaricInhPa
6,800,Geopotential Height,isobaricInhPa
5,850,Geopotential Height,isobaricInhPa
4,900,Geopotential Height,isobaricInhPa
3,925,Geopotential Height,isobaricInhPa
2,950,Geopotential Height,isobaricInhPa
1,975,Geopotential Height,isobaricInhPa
0,1000,Geopotential Height,isobaricInhPa
185,2147486,Geopotential Height,potentialVorticity
248,500,Geopotential height anomaly,isobaricInhPa
247,1000,Geopotential height anomaly,isobaricInhPa
239,0,Land-sea mask,surface
210,0,Orography,surface
125,10,Ozone mixing ratio,isobaricInhPa
124,20,Ozone mixing ratio,isobaricInhPa
123,30,Ozone mixing ratio,isobaricInhPa
122,50,Ozone mixing ratio,isobaricInhPa
121,70,Ozone mixing ratio,isobaricInhPa
120,100,Ozone mixing ratio,isobaricInhPa
243,0,Planetary boundary layer height,surface
216,1,Potential temperature,sigma
195,0,Precipitable water,unknown
209,0,Pressure,maxWind
199,0,Pressure,tropopause
188,2,Pressure,potentialVorticity
189,2147486,Pressure,potentialVorticity
211,0,Pressure reduced to MSL,meanSea
223,0,Relative humidity,isothermZero
212,0,Relative humidity,sigmaLayer
214,0,Relative humidity,sigmaLayer
215,0,Relative humidity,sigmaLayer
196,0,Relative humidity,unknown
225,0,Relative humidity,unknown
219,1,Relative humidity,sigma
213,1,Relative humidity,sigmaLayer
93,100,Relative humidity,isobaricInhPa
92,150,Relative humidity,isobaricInhPa
91,200,Relative humidity,isobaricInhPa
90,250,Relative humidity,isobaricInhPa
89,300,Relative humidity,isobaricInhPa
88,350,Relative humidity,isobaricInhPa
87,400,Relative humidity,isobaricInhPa
86,450,Relative humidity,isobaricInhPa
85,500,Relative humidity,isobaricInhPa
84,550,Relative humidity,isobaricInhPa
83,600,Relative humidity,isobaricInhPa
82,650,Relative humidity,isobaricInhPa
81,700,Relative humidity,isobaricInhPa
80,750,Relative humidity,isobaricInhPa
79,800,Relative humidity,isobaricInhPa
78,850,Relative humidity,isobaricInhPa
77,900,Relative humidity,isobaricInhPa
76,925,Relative humidity,isobaricInhPa
75,950,Relative humidity,isobaricInhPa
74,975,Relative humidity,isobaricInhPa
73,1000,Relative humidity,isobaricInhPa
175,3000,Relative humidity,pressureFromGroundLayer
240,0,Sea-ice cover,surface
242,2,Specific humidity,heightAboveGround
176,3000,Specific humidity,pressureFromGroundLayer
201,0,Surface lifted index,surface
194,0,Surface pressure,surface
234,0,Temperature,depthBelowLandLayer
235,0,Temperature,depthBelowLandLayer
236,0,Temperature,depthBelowLandLayer
208,0,Temperature,maxWind
229,0,Temperature,surface
198,0,Temperature,tropopause
237,1,Temperature,depthBelowLandLayer
217,1,Temperature,sigma
186,2,Temperature,potentialVorticity
51,10,Temperature,isobaricInhPa
50,20,Temperature,isobaricInhPa
49,30,Temperature,isobaricInhPa
48,50,Temperature,isobaricInhPa
47,70,Temperature,isobaricInhPa
46,100,Temperature,isobaricInhPa
45,150,Temperature,isobaricInhPa
44,200,Temperature,isobaricInhPa
43,250,Temperature,isobaricInhPa
42,300,Temperature,isobaricInhPa
41,350,Temperature,isobaricInhPa
40,400,Temperature,isobaricInhPa
39,450,Temperature,isobaricInhPa
38,500,Temperature,isobaricInhPa
37,550,Temperature,isobaricInhPa
36,600,Temperature,isobaricInhPa
35,650,Temperature,isobaricInhPa
34,700,Temperature,isobaricInhPa
33,750,Temperature,isobaricInhPa
32,800,Temperature,isobaricInhPa
31,850,Temperature,isobaricInhPa
30,900,Temperature,isobaricInhPa
29,925,Temperature,isobaricInhPa
28,950,Temperature,isobaricInhPa
27,975,Temperature,isobaricInhPa
26,1000,Temperature,isobaricInhPa
178,1829,Temperature,heightAboveSea
179,2743,Temperature,heightAboveSea
174,3000,Temperature,pressureFromGroundLayer
180,3658,Temperature,heightAboveSea
187,2147486,Temperature,potentialVorticity
244,0,Total Cloud Cover,unknown
220,0,Total ozone,unknown
227,0,U component of wind,maxWind
226,0,U component of wind,tropopause
228,1,U component of wind,sigma
192,2,U component of wind,potentialVorticity
173,10,U component of wind,isobaricInhPa
172,20,U component of wind,isobaricInhPa
171,30,U component of wind,isobaricInhPa
170,50,U component of wind,isobaricInhPa
169,70,U component of wind,isobaricInhPa
168,100,U component of wind,isobaricInhPa
167,150,U component of wind,isobaricInhPa
166,200,U component of wind,isobaricInhPa
165,250,U component of wind,isobaricInhPa
164,300,U component of wind,isobaricInhPa
163,350,U component of wind,isobaricInhPa
162,400,U component of wind,isobaricInhPa
161,450,U component of wind,isobaricInhPa
160,500,U component of wind,isobaricInhPa
159,550,U component of wind,isobaricInhPa
158,600,U component of wind,isobaricInhPa
157,650,U component of wind,isobaricInhPa
156,700,U component of wind,isobaricInhPa
155,750,U component of wind,isobaricInhPa
154,800,U component of wind,isobaricInhPa
153,850,U component of wind,isobaricInhPa
152,900,U component of wind,isobaricInhPa
151,925,U component of wind,isobaricInhPa
150,950,U component of wind,isobaricInhPa
149,975,U component of wind,isobaricInhPa
148,1000,U component of wind,isobaricInhPa
181,1829,U component of wind,heightAboveSea
182,2743,U component of wind,heightAboveSea
177,3000,U component of wind,pressureFromGroundLayer
183,3658,U component of wind,heightAboveSea
193,2147486,U component of wind,potentialVorticity
200,0,Vertical speed shear,tropopause
190,2,Vertical speed shear,potentialVorticity
191,2147486,Vertical speed shear,potentialVorticity
218,1,Vertical velocity,sigma
72,100,Vertical velocity,isobaricInhPa
71,150,Vertical velocity,isobaricInhPa
70,200,Vertical velocity,isobaricInhPa
69,250,Vertical velocity,isobaricInhPa
68,300,Vertical velocity,isobaricInhPa
67,350,Vertical velocity,isobaricInhPa
66,400,Vertical velocity,isobaricInhPa
65,450,Vertical velocity,isobaricInhPa
64,500,Vertical velocity,isobaricInhPa
63,550,Vertical velocity,isobaricInhPa
62,600,Vertical velocity,isobaricInhPa
61,650,Vertical velocity,isobaricInhPa
60,700,Vertical velocity,isobaricInhPa
59,750,Vertical velocity,isobaricInhPa
58,800,Vertical velocity,isobaricInhPa
57,850,Vertical velocity,isobaricInhPa
56,900,Vertical velocity,isobaricInhPa
55,925,Vertical velocity,isobaricInhPa
54,950,Vertical velocity,isobaricInhPa
53,975,Vertical velocity,isobaricInhPa
52,1000,Vertical velocity,isobaricInhPa
230,0,Volumetric soil moisture content,depthBelowLandLayer
231,0,Volumetric soil moisture content,depthBelowLandLayer
232,0,Volumetric soil moisture content,depthBelowLandLayer
233,1,Volumetric soil moisture content,depthBelowLandLayer
238,0,Water equivalent of accumulated snow depth,surface

