nohup: ignoring input
2017-08-30 21:12:55,535 - INFO - Starting fire data frame to cluster conversion
2017-08-30 21:12:55,535 - INFO - Loading file from ../../data/interim/modis/fire/fire_modis_alaska_2007-2016.pkl
2017-08-30 21:12:55,579 - DEBUG - Applying transforms to data frame
2017-08-30 21:12:57,639 - DEBUG - Filtering to only include fire season ((5, 14), (8, 31))
2017-08-30 21:12:57,725 - DEBUG - Appending cluster ids
2017-08-30 21:12:57,733 - DEBUG - Clustering for year 2007
2017-08-30 21:12:57,744 - DEBUG - Building distance matrix
2017-08-30 21:13:09,146 - DEBUG - Tresholding and connected component calculation
2017-08-30 21:13:09,678 - DEBUG - Found 144 unique clusters for year 2007
2017-08-30 21:13:09,678 - DEBUG - Clustering for year 2008
2017-08-30 21:13:09,683 - DEBUG - Building distance matrix
2017-08-30 21:13:10,245 - DEBUG - Tresholding and connected component calculation
2017-08-30 21:13:10,276 - DEBUG - Found 43 unique clusters for year 2008
2017-08-30 21:13:10,276 - DEBUG - Clustering for year 2009
2017-08-30 21:13:10,286 - DEBUG - Building distance matrix
2017-08-30 21:23:24,816 - DEBUG - Tresholding and connected component calculation
2017-08-30 21:23:53,003 - DEBUG - Found 132 unique clusters for year 2009
2017-08-30 21:23:53,003 - DEBUG - Clustering for year 2010
2017-08-30 21:23:53,010 - DEBUG - Building distance matrix
2017-08-30 21:24:32,401 - DEBUG - Tresholding and connected component calculation
2017-08-30 21:24:34,184 - DEBUG - Found 155 unique clusters for year 2010
2017-08-30 21:24:34,185 - DEBUG - Clustering for year 2011
2017-08-30 21:24:34,189 - DEBUG - Building distance matrix
2017-08-30 21:24:36,129 - DEBUG - Tresholding and connected component calculation
2017-08-30 21:24:36,216 - DEBUG - Found 82 unique clusters for year 2011
2017-08-30 21:24:36,216 - DEBUG - Clustering for year 2012
2017-08-30 21:24:36,221 - DEBUG - Building distance matrix
2017-08-30 21:24:37,504 - DEBUG - Tresholding and connected component calculation
2017-08-30 21:24:37,562 - DEBUG - Found 68 unique clusters for year 2012
2017-08-30 21:24:37,562 - DEBUG - Clustering for year 2013
2017-08-30 21:24:37,568 - DEBUG - Building distance matrix
2017-08-30 21:25:39,775 - DEBUG - Tresholding and connected component calculation
2017-08-30 21:25:42,599 - DEBUG - Found 161 unique clusters for year 2013
2017-08-30 21:25:42,599 - DEBUG - Clustering for year 2014
2017-08-30 21:25:42,605 - DEBUG - Building distance matrix
2017-08-30 21:25:43,475 - DEBUG - Tresholding and connected component calculation
2017-08-30 21:25:43,517 - DEBUG - Found 42 unique clusters for year 2014
2017-08-30 21:25:43,517 - DEBUG - Clustering for year 2015
2017-08-30 21:25:43,528 - DEBUG - Building distance matrix
2017-08-30 21:40:15,508 - DEBUG - Tresholding and connected component calculation
2017-08-30 21:40:54,463 - DEBUG - Found 275 unique clusters for year 2015
2017-08-30 21:40:54,463 - DEBUG - Clustering for year 2016
2017-08-30 21:40:54,469 - DEBUG - Building distance matrix
2017-08-30 21:41:04,491 - DEBUG - Tresholding and connected component calculation
2017-08-30 21:41:04,947 - DEBUG - Found 112 unique clusters for year 2016
2017-08-30 21:41:04,947 - DEBUG - Found 1214 unique clusters for all years
2017-08-30 21:41:04,948 - DEBUG - Starting building of final cluster data frame
2017-08-30 21:41:04,948 - DEBUG - Starting processing of cluster 1/1214
2017-08-30 21:41:04,950 - DEBUG - Starting processing of cluster 2/1214
2017-08-30 21:41:04,953 - DEBUG - Starting processing of cluster 3/1214
2017-08-30 21:41:04,955 - DEBUG - Starting processing of cluster 4/1214
2017-08-30 21:41:04,957 - DEBUG - Starting processing of cluster 5/1214
2017-08-30 21:41:04,965 - DEBUG - Starting processing of cluster 6/1214
2017-08-30 21:41:04,972 - DEBUG - Starting processing of cluster 7/1214
2017-08-30 21:41:04,976 - DEBUG - Starting processing of cluster 8/1214
2017-08-30 21:41:04,984 - DEBUG - Starting processing of cluster 9/1214
2017-08-30 21:41:04,986 - DEBUG - Starting processing of cluster 10/1214
2017-08-30 21:41:04,988 - DEBUG - Starting processing of cluster 11/1214
2017-08-30 21:41:05,006 - DEBUG - Starting processing of cluster 12/1214
2017-08-30 21:41:05,007 - DEBUG - Starting processing of cluster 13/1214
2017-08-30 21:41:05,017 - DEBUG - Starting processing of cluster 14/1214
2017-08-30 21:41:05,026 - DEBUG - Starting processing of cluster 15/1214
2017-08-30 21:41:05,046 - DEBUG - Starting processing of cluster 16/1214
2017-08-30 21:41:05,047 - DEBUG - Starting processing of cluster 17/1214
2017-08-30 21:41:05,051 - DEBUG - Starting processing of cluster 18/1214
2017-08-30 21:41:05,053 - DEBUG - Starting processing of cluster 19/1214
2017-08-30 21:41:05,062 - DEBUG - Starting processing of cluster 20/1214
2017-08-30 21:41:05,063 - DEBUG - Starting processing of cluster 21/1214
2017-08-30 21:41:05,065 - DEBUG - Starting processing of cluster 22/1214
2017-08-30 21:41:05,067 - DEBUG - Starting processing of cluster 23/1214
2017-08-30 21:41:05,069 - DEBUG - Starting processing of cluster 24/1214
2017-08-30 21:41:05,076 - DEBUG - Starting processing of cluster 25/1214
2017-08-30 21:41:05,078 - DEBUG - Starting processing of cluster 26/1214
2017-08-30 21:41:05,082 - DEBUG - Starting processing of cluster 27/1214
2017-08-30 21:41:05,085 - DEBUG - Starting processing of cluster 28/1214
2017-08-30 21:41:05,092 - DEBUG - Starting processing of cluster 29/1214
2017-08-30 21:41:05,100 - DEBUG - Starting processing of cluster 30/1214
2017-08-30 21:41:05,103 - DEBUG - Starting processing of cluster 31/1214
2017-08-30 21:41:05,105 - DEBUG - Starting processing of cluster 32/1214
2017-08-30 21:41:05,107 - DEBUG - Starting processing of cluster 33/1214
2017-08-30 21:41:05,117 - DEBUG - Starting processing of cluster 34/1214
2017-08-30 21:41:05,126 - DEBUG - Starting processing of cluster 35/1214
2017-08-30 21:41:05,132 - DEBUG - Starting processing of cluster 36/1214
2017-08-30 21:41:05,138 - DEBUG - Starting processing of cluster 37/1214
2017-08-30 21:41:05,143 - DEBUG - Starting processing of cluster 38/1214
2017-08-30 21:41:05,147 - DEBUG - Starting processing of cluster 39/1214
2017-08-30 21:41:05,153 - DEBUG - Starting processing of cluster 40/1214
2017-08-30 21:41:05,155 - DEBUG - Starting processing of cluster 41/1214
2017-08-30 21:41:05,157 - DEBUG - Starting processing of cluster 42/1214
2017-08-30 21:41:05,169 - DEBUG - Starting processing of cluster 43/1214
2017-08-30 21:41:05,171 - DEBUG - Starting processing of cluster 44/1214
2017-08-30 21:41:05,178 - DEBUG - Starting processing of cluster 45/1214
2017-08-30 21:41:05,180 - DEBUG - Starting processing of cluster 46/1214
2017-08-30 21:41:05,185 - DEBUG - Starting processing of cluster 47/1214
2017-08-30 21:41:05,187 - DEBUG - Starting processing of cluster 48/1214
2017-08-30 21:41:05,189 - DEBUG - Starting processing of cluster 49/1214
2017-08-30 21:41:05,192 - DEBUG - Starting processing of cluster 50/1214
2017-08-30 21:41:05,194 - DEBUG - Starting processing of cluster 51/1214
2017-08-30 21:41:05,198 - DEBUG - Starting processing of cluster 52/1214
2017-08-30 21:41:05,203 - DEBUG - Starting processing of cluster 53/1214
2017-08-30 21:41:05,209 - DEBUG - Starting processing of cluster 54/1214
2017-08-30 21:41:05,216 - DEBUG - Starting processing of cluster 55/1214
2017-08-30 21:41:05,222 - DEBUG - Starting processing of cluster 56/1214
2017-08-30 21:41:05,224 - DEBUG - Starting processing of cluster 57/1214
2017-08-30 21:41:05,229 - DEBUG - Starting processing of cluster 58/1214
2017-08-30 21:41:05,233 - DEBUG - Starting processing of cluster 59/1214
2017-08-30 21:41:05,238 - DEBUG - Starting processing of cluster 60/1214
2017-08-30 21:41:05,240 - DEBUG - Starting processing of cluster 61/1214
2017-08-30 21:41:05,242 - DEBUG - Starting processing of cluster 62/1214
2017-08-30 21:41:05,245 - DEBUG - Starting processing of cluster 63/1214
2017-08-30 21:41:05,247 - DEBUG - Starting processing of cluster 64/1214
2017-08-30 21:41:05,249 - DEBUG - Starting processing of cluster 65/1214
2017-08-30 21:41:05,254 - DEBUG - Starting processing of cluster 66/1214
2017-08-30 21:41:05,261 - DEBUG - Starting processing of cluster 67/1214
2017-08-30 21:41:05,263 - DEBUG - Starting processing of cluster 68/1214
2017-08-30 21:41:05,266 - DEBUG - Starting processing of cluster 69/1214
2017-08-30 21:41:05,268 - DEBUG - Starting processing of cluster 70/1214
2017-08-30 21:41:05,272 - DEBUG - Starting processing of cluster 71/1214
2017-08-30 21:41:05,273 - DEBUG - Starting processing of cluster 72/1214
2017-08-30 21:41:05,282 - DEBUG - Starting processing of cluster 73/1214
2017-08-30 21:41:05,285 - DEBUG - Starting processing of cluster 74/1214
2017-08-30 21:41:05,288 - DEBUG - Starting processing of cluster 75/1214
2017-08-30 21:41:05,290 - DEBUG - Starting processing of cluster 76/1214
2017-08-30 21:41:05,292 - DEBUG - Starting processing of cluster 77/1214
2017-08-30 21:41:05,295 - DEBUG - Starting processing of cluster 78/1214
2017-08-30 21:41:05,296 - DEBUG - Starting processing of cluster 79/1214
2017-08-30 21:41:05,299 - DEBUG - Starting processing of cluster 80/1214
2017-08-30 21:41:05,301 - DEBUG - Starting processing of cluster 81/1214
2017-08-30 21:41:05,303 - DEBUG - Starting processing of cluster 82/1214
2017-08-30 21:41:05,304 - DEBUG - Starting processing of cluster 83/1214
2017-08-30 21:41:05,310 - DEBUG - Starting processing of cluster 84/1214
2017-08-30 21:41:05,312 - DEBUG - Starting processing of cluster 85/1214
2017-08-30 21:41:05,314 - DEBUG - Starting processing of cluster 86/1214
2017-08-30 21:41:05,316 - DEBUG - Starting processing of cluster 87/1214
2017-08-30 21:41:05,319 - DEBUG - Starting processing of cluster 88/1214
2017-08-30 21:41:05,321 - DEBUG - Starting processing of cluster 89/1214
2017-08-30 21:41:05,323 - DEBUG - Starting processing of cluster 90/1214
2017-08-30 21:41:05,325 - DEBUG - Starting processing of cluster 91/1214
2017-08-30 21:41:05,328 - DEBUG - Starting processing of cluster 92/1214
2017-08-30 21:41:05,331 - DEBUG - Starting processing of cluster 93/1214
2017-08-30 21:41:05,333 - DEBUG - Starting processing of cluster 94/1214
2017-08-30 21:41:05,336 - DEBUG - Starting processing of cluster 95/1214
2017-08-30 21:41:05,338 - DEBUG - Starting processing of cluster 96/1214
2017-08-30 21:41:05,339 - DEBUG - Starting processing of cluster 97/1214
2017-08-30 21:41:05,341 - DEBUG - Starting processing of cluster 98/1214
2017-08-30 21:41:05,343 - DEBUG - Starting processing of cluster 99/1214
2017-08-30 21:41:05,345 - DEBUG - Starting processing of cluster 100/1214
2017-08-30 21:41:05,349 - DEBUG - Starting processing of cluster 101/1214
2017-08-30 21:41:05,356 - DEBUG - Starting processing of cluster 102/1214
2017-08-30 21:41:05,360 - DEBUG - Starting processing of cluster 103/1214
2017-08-30 21:41:05,362 - DEBUG - Starting processing of cluster 104/1214
2017-08-30 21:41:05,364 - DEBUG - Starting processing of cluster 105/1214
2017-08-30 21:41:05,366 - DEBUG - Starting processing of cluster 106/1214
2017-08-30 21:41:05,368 - DEBUG - Starting processing of cluster 107/1214
2017-08-30 21:41:05,374 - DEBUG - Starting processing of cluster 108/1214
2017-08-30 21:41:05,375 - DEBUG - Starting processing of cluster 109/1214
2017-08-30 21:41:05,377 - DEBUG - Starting processing of cluster 110/1214
2017-08-30 21:41:05,379 - DEBUG - Starting processing of cluster 111/1214
2017-08-30 21:41:05,381 - DEBUG - Starting processing of cluster 112/1214
2017-08-30 21:41:05,383 - DEBUG - Starting processing of cluster 113/1214
2017-08-30 21:41:05,384 - DEBUG - Starting processing of cluster 114/1214
2017-08-30 21:41:05,386 - DEBUG - Starting processing of cluster 115/1214
2017-08-30 21:41:05,388 - DEBUG - Starting processing of cluster 116/1214
2017-08-30 21:41:05,390 - DEBUG - Starting processing of cluster 117/1214
2017-08-30 21:41:05,394 - DEBUG - Starting processing of cluster 118/1214
2017-08-30 21:41:05,396 - DEBUG - Starting processing of cluster 119/1214
2017-08-30 21:41:05,398 - DEBUG - Starting processing of cluster 120/1214
2017-08-30 21:41:05,399 - DEBUG - Starting processing of cluster 121/1214
2017-08-30 21:41:05,401 - DEBUG - Starting processing of cluster 122/1214
2017-08-30 21:41:05,403 - DEBUG - Starting processing of cluster 123/1214
2017-08-30 21:41:05,405 - DEBUG - Starting processing of cluster 124/1214
2017-08-30 21:41:05,407 - DEBUG - Starting processing of cluster 125/1214
2017-08-30 21:41:05,408 - DEBUG - Starting processing of cluster 126/1214
2017-08-30 21:41:05,417 - DEBUG - Starting processing of cluster 127/1214
2017-08-30 21:41:05,424 - DEBUG - Starting processing of cluster 128/1214
2017-08-30 21:41:05,426 - DEBUG - Starting processing of cluster 129/1214
2017-08-30 21:41:05,428 - DEBUG - Starting processing of cluster 130/1214
2017-08-30 21:41:05,430 - DEBUG - Starting processing of cluster 131/1214
2017-08-30 21:41:05,432 - DEBUG - Starting processing of cluster 132/1214
2017-08-30 21:41:05,434 - DEBUG - Starting processing of cluster 133/1214
2017-08-30 21:41:05,436 - DEBUG - Starting processing of cluster 134/1214
2017-08-30 21:41:05,437 - DEBUG - Starting processing of cluster 135/1214
2017-08-30 21:41:05,442 - DEBUG - Starting processing of cluster 136/1214
2017-08-30 21:41:05,443 - DEBUG - Starting processing of cluster 137/1214
2017-08-30 21:41:05,445 - DEBUG - Starting processing of cluster 138/1214
2017-08-30 21:41:05,448 - DEBUG - Starting processing of cluster 139/1214
2017-08-30 21:41:05,450 - DEBUG - Starting processing of cluster 140/1214
2017-08-30 21:41:05,451 - DEBUG - Starting processing of cluster 141/1214
2017-08-30 21:41:05,453 - DEBUG - Starting processing of cluster 142/1214
2017-08-30 21:41:05,455 - DEBUG - Starting processing of cluster 143/1214
2017-08-30 21:41:05,457 - DEBUG - Starting processing of cluster 144/1214
2017-08-30 21:41:05,459 - DEBUG - Starting processing of cluster 145/1214
2017-08-30 21:41:05,461 - DEBUG - Starting processing of cluster 146/1214
2017-08-30 21:41:05,462 - DEBUG - Starting processing of cluster 147/1214
2017-08-30 21:41:05,467 - DEBUG - Starting processing of cluster 148/1214
2017-08-30 21:41:05,468 - DEBUG - Starting processing of cluster 149/1214
2017-08-30 21:41:05,470 - DEBUG - Starting processing of cluster 150/1214
2017-08-30 21:41:05,472 - DEBUG - Starting processing of cluster 151/1214
2017-08-30 21:41:05,474 - DEBUG - Starting processing of cluster 152/1214
2017-08-30 21:41:05,476 - DEBUG - Starting processing of cluster 153/1214
2017-08-30 21:41:05,491 - DEBUG - Starting processing of cluster 154/1214
2017-08-30 21:41:05,499 - DEBUG - Starting processing of cluster 155/1214
2017-08-30 21:41:05,516 - DEBUG - Starting processing of cluster 156/1214
2017-08-30 21:41:05,518 - DEBUG - Starting processing of cluster 157/1214
2017-08-30 21:41:05,521 - DEBUG - Starting processing of cluster 158/1214
2017-08-30 21:41:05,524 - DEBUG - Starting processing of cluster 159/1214
2017-08-30 21:41:05,531 - DEBUG - Starting processing of cluster 160/1214
2017-08-30 21:41:05,535 - DEBUG - Starting processing of cluster 161/1214
2017-08-30 21:41:05,538 - DEBUG - Starting processing of cluster 162/1214
2017-08-30 21:41:05,541 - DEBUG - Starting processing of cluster 163/1214
2017-08-30 21:41:05,543 - DEBUG - Starting processing of cluster 164/1214
2017-08-30 21:41:05,545 - DEBUG - Starting processing of cluster 165/1214
2017-08-30 21:41:05,549 - DEBUG - Starting processing of cluster 166/1214
2017-08-30 21:41:05,553 - DEBUG - Starting processing of cluster 167/1214
2017-08-30 21:41:05,554 - DEBUG - Starting processing of cluster 168/1214
2017-08-30 21:41:05,556 - DEBUG - Starting processing of cluster 169/1214
2017-08-30 21:41:05,558 - DEBUG - Starting processing of cluster 170/1214
2017-08-30 21:41:05,560 - DEBUG - Starting processing of cluster 171/1214
2017-08-30 21:41:05,562 - DEBUG - Starting processing of cluster 172/1214
2017-08-30 21:41:05,564 - DEBUG - Starting processing of cluster 173/1214
2017-08-30 21:41:05,566 - DEBUG - Starting processing of cluster 174/1214
2017-08-30 21:41:05,568 - DEBUG - Starting processing of cluster 175/1214
2017-08-30 21:41:05,570 - DEBUG - Starting processing of cluster 176/1214
2017-08-30 21:41:05,571 - DEBUG - Starting processing of cluster 177/1214
2017-08-30 21:41:05,573 - DEBUG - Starting processing of cluster 178/1214
2017-08-30 21:41:05,575 - DEBUG - Starting processing of cluster 179/1214
2017-08-30 21:41:05,578 - DEBUG - Starting processing of cluster 180/1214
2017-08-30 21:41:05,581 - DEBUG - Starting processing of cluster 181/1214
2017-08-30 21:41:05,583 - DEBUG - Starting processing of cluster 182/1214
2017-08-30 21:41:05,585 - DEBUG - Starting processing of cluster 183/1214
2017-08-30 21:41:05,586 - DEBUG - Starting processing of cluster 184/1214
2017-08-30 21:41:05,591 - DEBUG - Starting processing of cluster 185/1214
2017-08-30 21:41:05,592 - DEBUG - Starting processing of cluster 186/1214
2017-08-30 21:41:05,594 - DEBUG - Starting processing of cluster 187/1214
2017-08-30 21:41:05,596 - DEBUG - Starting processing of cluster 188/1214
2017-08-30 21:41:05,599 - DEBUG - Starting processing of cluster 189/1214
2017-08-30 21:41:05,601 - DEBUG - Starting processing of cluster 190/1214
2017-08-30 21:41:05,602 - DEBUG - Starting processing of cluster 191/1214
2017-08-30 21:41:05,604 - DEBUG - Starting processing of cluster 192/1214
2017-08-30 21:41:05,606 - DEBUG - Starting processing of cluster 193/1214
2017-08-30 21:41:05,608 - DEBUG - Starting processing of cluster 194/1214
2017-08-30 21:41:05,612 - DEBUG - Starting processing of cluster 195/1214
2017-08-30 21:41:05,615 - DEBUG - Starting processing of cluster 196/1214
2017-08-30 21:41:05,616 - DEBUG - Starting processing of cluster 197/1214
2017-08-30 21:41:05,618 - DEBUG - Starting processing of cluster 198/1214
2017-08-30 21:41:05,658 - DEBUG - Starting processing of cluster 199/1214
2017-08-30 21:41:05,702 - DEBUG - Starting processing of cluster 200/1214
2017-08-30 21:41:05,704 - DEBUG - Starting processing of cluster 201/1214
2017-08-30 21:41:05,706 - DEBUG - Starting processing of cluster 202/1214
2017-08-30 21:41:05,712 - DEBUG - Starting processing of cluster 203/1214
2017-08-30 21:41:05,714 - DEBUG - Starting processing of cluster 204/1214
2017-08-30 21:41:05,719 - DEBUG - Starting processing of cluster 205/1214
2017-08-30 21:41:05,730 - DEBUG - Starting processing of cluster 206/1214
2017-08-30 21:41:05,733 - DEBUG - Starting processing of cluster 207/1214
2017-08-30 21:41:05,735 - DEBUG - Starting processing of cluster 208/1214
2017-08-30 21:41:05,744 - DEBUG - Starting processing of cluster 209/1214
2017-08-30 21:41:05,760 - DEBUG - Starting processing of cluster 210/1214
2017-08-30 21:41:05,762 - DEBUG - Starting processing of cluster 211/1214
2017-08-30 21:41:05,766 - DEBUG - Starting processing of cluster 212/1214
2017-08-30 21:41:05,770 - DEBUG - Starting processing of cluster 213/1214
2017-08-30 21:41:05,772 - DEBUG - Starting processing of cluster 214/1214
2017-08-30 21:41:05,807 - DEBUG - Starting processing of cluster 215/1214
2017-08-30 21:41:05,836 - DEBUG - Starting processing of cluster 216/1214
2017-08-30 21:41:05,860 - DEBUG - Starting processing of cluster 217/1214
2017-08-30 21:41:05,880 - DEBUG - Starting processing of cluster 218/1214
2017-08-30 21:41:05,926 - DEBUG - Starting processing of cluster 219/1214
2017-08-30 21:41:05,942 - DEBUG - Starting processing of cluster 220/1214
2017-08-30 21:41:05,953 - DEBUG - Starting processing of cluster 221/1214
2017-08-30 21:41:05,962 - DEBUG - Starting processing of cluster 222/1214
2017-08-30 21:41:05,979 - DEBUG - Starting processing of cluster 223/1214
2017-08-30 21:41:06,003 - DEBUG - Starting processing of cluster 224/1214
2017-08-30 21:41:06,025 - DEBUG - Starting processing of cluster 225/1214
2017-08-30 21:41:06,049 - DEBUG - Starting processing of cluster 226/1214
2017-08-30 21:41:06,078 - DEBUG - Starting processing of cluster 227/1214
2017-08-30 21:41:06,087 - DEBUG - Starting processing of cluster 228/1214
2017-08-30 21:41:06,097 - DEBUG - Starting processing of cluster 229/1214
2017-08-30 21:41:06,121 - DEBUG - Starting processing of cluster 230/1214
2017-08-30 21:41:06,129 - DEBUG - Starting processing of cluster 231/1214
2017-08-30 21:41:06,154 - DEBUG - Starting processing of cluster 232/1214
2017-08-30 21:41:06,156 - DEBUG - Starting processing of cluster 233/1214
2017-08-30 21:41:06,173 - DEBUG - Starting processing of cluster 234/1214
2017-08-30 21:41:06,192 - DEBUG - Starting processing of cluster 235/1214
2017-08-30 21:41:06,218 - DEBUG - Starting processing of cluster 236/1214
2017-08-30 21:41:06,243 - DEBUG - Starting processing of cluster 237/1214
2017-08-30 21:41:06,250 - DEBUG - Starting processing of cluster 238/1214
2017-08-30 21:41:06,256 - DEBUG - Starting processing of cluster 239/1214
2017-08-30 21:41:06,269 - DEBUG - Starting processing of cluster 240/1214
2017-08-30 21:41:06,275 - DEBUG - Starting processing of cluster 241/1214
2017-08-30 21:41:06,279 - DEBUG - Starting processing of cluster 242/1214
2017-08-30 21:41:06,281 - DEBUG - Starting processing of cluster 243/1214
2017-08-30 21:41:06,283 - DEBUG - Starting processing of cluster 244/1214
2017-08-30 21:41:06,285 - DEBUG - Starting processing of cluster 245/1214
2017-08-30 21:41:06,294 - DEBUG - Starting processing of cluster 246/1214
2017-08-30 21:41:06,297 - DEBUG - Starting processing of cluster 247/1214
2017-08-30 21:41:06,299 - DEBUG - Starting processing of cluster 248/1214
2017-08-30 21:41:06,303 - DEBUG - Starting processing of cluster 249/1214
2017-08-30 21:41:06,304 - DEBUG - Starting processing of cluster 250/1214
2017-08-30 21:41:06,313 - DEBUG - Starting processing of cluster 251/1214
2017-08-30 21:41:06,314 - DEBUG - Starting processing of cluster 252/1214
2017-08-30 21:41:06,316 - DEBUG - Starting processing of cluster 253/1214
2017-08-30 21:41:06,330 - DEBUG - Starting processing of cluster 254/1214
2017-08-30 21:41:06,342 - DEBUG - Starting processing of cluster 255/1214
2017-08-30 21:41:06,346 - DEBUG - Starting processing of cluster 256/1214
2017-08-30 21:41:06,356 - DEBUG - Starting processing of cluster 257/1214
2017-08-30 21:41:06,369 - DEBUG - Starting processing of cluster 258/1214
2017-08-30 21:41:06,371 - DEBUG - Starting processing of cluster 259/1214
2017-08-30 21:41:06,384 - DEBUG - Starting processing of cluster 260/1214
2017-08-30 21:41:06,385 - DEBUG - Starting processing of cluster 261/1214
2017-08-30 21:41:06,388 - DEBUG - Starting processing of cluster 262/1214
2017-08-30 21:41:06,392 - DEBUG - Starting processing of cluster 263/1214
2017-08-30 21:41:06,394 - DEBUG - Starting processing of cluster 264/1214
2017-08-30 21:41:06,398 - DEBUG - Starting processing of cluster 265/1214
2017-08-30 21:41:06,402 - DEBUG - Starting processing of cluster 266/1214
2017-08-30 21:41:06,404 - DEBUG - Starting processing of cluster 267/1214
2017-08-30 21:41:06,406 - DEBUG - Starting processing of cluster 268/1214
2017-08-30 21:41:06,411 - DEBUG - Starting processing of cluster 269/1214
2017-08-30 21:41:06,413 - DEBUG - Starting processing of cluster 270/1214
2017-08-30 21:41:06,416 - DEBUG - Starting processing of cluster 271/1214
2017-08-30 21:41:06,425 - DEBUG - Starting processing of cluster 272/1214
2017-08-30 21:41:06,427 - DEBUG - Starting processing of cluster 273/1214
2017-08-30 21:41:06,430 - DEBUG - Starting processing of cluster 274/1214
2017-08-30 21:41:06,432 - DEBUG - Starting processing of cluster 275/1214
2017-08-30 21:41:06,433 - DEBUG - Starting processing of cluster 276/1214
2017-08-30 21:41:06,435 - DEBUG - Starting processing of cluster 277/1214
2017-08-30 21:41:06,437 - DEBUG - Starting processing of cluster 278/1214
2017-08-30 21:41:06,439 - DEBUG - Starting processing of cluster 279/1214
2017-08-30 21:41:06,441 - DEBUG - Starting processing of cluster 280/1214
2017-08-30 21:41:06,442 - DEBUG - Starting processing of cluster 281/1214
2017-08-30 21:41:06,444 - DEBUG - Starting processing of cluster 282/1214
2017-08-30 21:41:06,446 - DEBUG - Starting processing of cluster 283/1214
2017-08-30 21:41:06,448 - DEBUG - Starting processing of cluster 284/1214
2017-08-30 21:41:06,450 - DEBUG - Starting processing of cluster 285/1214
2017-08-30 21:41:06,451 - DEBUG - Starting processing of cluster 286/1214
2017-08-30 21:41:06,453 - DEBUG - Starting processing of cluster 287/1214
2017-08-30 21:41:06,455 - DEBUG - Starting processing of cluster 288/1214
2017-08-30 21:41:06,457 - DEBUG - Starting processing of cluster 289/1214
2017-08-30 21:41:06,464 - DEBUG - Starting processing of cluster 290/1214
2017-08-30 21:41:06,467 - DEBUG - Starting processing of cluster 291/1214
2017-08-30 21:41:06,469 - DEBUG - Starting processing of cluster 292/1214
2017-08-30 21:41:06,470 - DEBUG - Starting processing of cluster 293/1214
2017-08-30 21:41:06,472 - DEBUG - Starting processing of cluster 294/1214
2017-08-30 21:41:06,480 - DEBUG - Starting processing of cluster 295/1214
2017-08-30 21:41:06,485 - DEBUG - Starting processing of cluster 296/1214
2017-08-30 21:41:06,487 - DEBUG - Starting processing of cluster 297/1214
2017-08-30 21:41:06,489 - DEBUG - Starting processing of cluster 298/1214
2017-08-30 21:41:06,491 - DEBUG - Starting processing of cluster 299/1214
2017-08-30 21:41:06,494 - DEBUG - Starting processing of cluster 300/1214
2017-08-30 21:41:06,497 - DEBUG - Starting processing of cluster 301/1214
2017-08-30 21:41:06,504 - DEBUG - Starting processing of cluster 302/1214
2017-08-30 21:41:06,505 - DEBUG - Starting processing of cluster 303/1214
2017-08-30 21:41:06,510 - DEBUG - Starting processing of cluster 304/1214
2017-08-30 21:41:06,515 - DEBUG - Starting processing of cluster 305/1214
2017-08-30 21:41:06,517 - DEBUG - Starting processing of cluster 306/1214
2017-08-30 21:41:06,519 - DEBUG - Starting processing of cluster 307/1214
2017-08-30 21:41:06,521 - DEBUG - Starting processing of cluster 308/1214
2017-08-30 21:41:06,523 - DEBUG - Starting processing of cluster 309/1214
2017-08-30 21:41:06,525 - DEBUG - Starting processing of cluster 310/1214
2017-08-30 21:41:06,527 - DEBUG - Starting processing of cluster 311/1214
2017-08-30 21:41:06,529 - DEBUG - Starting processing of cluster 312/1214
2017-08-30 21:41:06,531 - DEBUG - Starting processing of cluster 313/1214
2017-08-30 21:41:06,532 - DEBUG - Starting processing of cluster 314/1214
2017-08-30 21:41:06,534 - DEBUG - Starting processing of cluster 315/1214
2017-08-30 21:41:06,536 - DEBUG - Starting processing of cluster 316/1214
2017-08-30 21:41:06,538 - DEBUG - Starting processing of cluster 317/1214
2017-08-30 21:41:06,540 - DEBUG - Starting processing of cluster 318/1214
2017-08-30 21:41:06,543 - DEBUG - Starting processing of cluster 319/1214
2017-08-30 21:41:06,545 - DEBUG - Starting processing of cluster 320/1214
2017-08-30 21:41:06,554 - DEBUG - Starting processing of cluster 321/1214
2017-08-30 21:41:06,563 - DEBUG - Starting processing of cluster 322/1214
2017-08-30 21:41:06,565 - DEBUG - Starting processing of cluster 323/1214
2017-08-30 21:41:06,577 - DEBUG - Starting processing of cluster 324/1214
2017-08-30 21:41:06,583 - DEBUG - Starting processing of cluster 325/1214
2017-08-30 21:41:06,588 - DEBUG - Starting processing of cluster 326/1214
2017-08-30 21:41:06,591 - DEBUG - Starting processing of cluster 327/1214
2017-08-30 21:41:06,595 - DEBUG - Starting processing of cluster 328/1214
2017-08-30 21:41:06,606 - DEBUG - Starting processing of cluster 329/1214
2017-08-30 21:41:06,614 - DEBUG - Starting processing of cluster 330/1214
2017-08-30 21:41:06,621 - DEBUG - Starting processing of cluster 331/1214
2017-08-30 21:41:06,625 - DEBUG - Starting processing of cluster 332/1214
2017-08-30 21:41:06,629 - DEBUG - Starting processing of cluster 333/1214
2017-08-30 21:41:06,644 - DEBUG - Starting processing of cluster 334/1214
2017-08-30 21:41:06,649 - DEBUG - Starting processing of cluster 335/1214
2017-08-30 21:41:06,654 - DEBUG - Starting processing of cluster 336/1214
2017-08-30 21:41:06,664 - DEBUG - Starting processing of cluster 337/1214
2017-08-30 21:41:06,666 - DEBUG - Starting processing of cluster 338/1214
2017-08-30 21:41:06,671 - DEBUG - Starting processing of cluster 339/1214
2017-08-30 21:41:06,676 - DEBUG - Starting processing of cluster 340/1214
2017-08-30 21:41:06,685 - DEBUG - Starting processing of cluster 341/1214
2017-08-30 21:41:06,690 - DEBUG - Starting processing of cluster 342/1214
2017-08-30 21:41:06,694 - DEBUG - Starting processing of cluster 343/1214
2017-08-30 21:41:06,709 - DEBUG - Starting processing of cluster 344/1214
2017-08-30 21:41:06,718 - DEBUG - Starting processing of cluster 345/1214
2017-08-30 21:41:06,720 - DEBUG - Starting processing of cluster 346/1214
2017-08-30 21:41:06,721 - DEBUG - Starting processing of cluster 347/1214
2017-08-30 21:41:06,723 - DEBUG - Starting processing of cluster 348/1214
2017-08-30 21:41:06,730 - DEBUG - Starting processing of cluster 349/1214
2017-08-30 21:41:06,732 - DEBUG - Starting processing of cluster 350/1214
2017-08-30 21:41:06,737 - DEBUG - Starting processing of cluster 351/1214
2017-08-30 21:41:06,741 - DEBUG - Starting processing of cluster 352/1214
2017-08-30 21:41:06,745 - DEBUG - Starting processing of cluster 353/1214
2017-08-30 21:41:06,750 - DEBUG - Starting processing of cluster 354/1214
2017-08-30 21:41:06,752 - DEBUG - Starting processing of cluster 355/1214
2017-08-30 21:41:06,753 - DEBUG - Starting processing of cluster 356/1214
2017-08-30 21:41:06,761 - DEBUG - Starting processing of cluster 357/1214
2017-08-30 21:41:06,773 - DEBUG - Starting processing of cluster 358/1214
2017-08-30 21:41:06,775 - DEBUG - Starting processing of cluster 359/1214
2017-08-30 21:41:06,777 - DEBUG - Starting processing of cluster 360/1214
2017-08-30 21:41:06,778 - DEBUG - Starting processing of cluster 361/1214
2017-08-30 21:41:06,787 - DEBUG - Starting processing of cluster 362/1214
2017-08-30 21:41:06,789 - DEBUG - Starting processing of cluster 363/1214
2017-08-30 21:41:06,791 - DEBUG - Starting processing of cluster 364/1214
2017-08-30 21:41:06,793 - DEBUG - Starting processing of cluster 365/1214
2017-08-30 21:41:06,795 - DEBUG - Starting processing of cluster 366/1214
2017-08-30 21:41:06,799 - DEBUG - Starting processing of cluster 367/1214
2017-08-30 21:41:06,802 - DEBUG - Starting processing of cluster 368/1214
2017-08-30 21:41:06,804 - DEBUG - Starting processing of cluster 369/1214
2017-08-30 21:41:06,806 - DEBUG - Starting processing of cluster 370/1214
2017-08-30 21:41:06,809 - DEBUG - Starting processing of cluster 371/1214
2017-08-30 21:41:06,810 - DEBUG - Starting processing of cluster 372/1214
2017-08-30 21:41:06,823 - DEBUG - Starting processing of cluster 373/1214
2017-08-30 21:41:06,828 - DEBUG - Starting processing of cluster 374/1214
2017-08-30 21:41:06,830 - DEBUG - Starting processing of cluster 375/1214
2017-08-30 21:41:06,832 - DEBUG - Starting processing of cluster 376/1214
2017-08-30 21:41:06,834 - DEBUG - Starting processing of cluster 377/1214
2017-08-30 21:41:06,836 - DEBUG - Starting processing of cluster 378/1214
2017-08-30 21:41:06,844 - DEBUG - Starting processing of cluster 379/1214
2017-08-30 21:41:06,846 - DEBUG - Starting processing of cluster 380/1214
2017-08-30 21:41:06,853 - DEBUG - Starting processing of cluster 381/1214
2017-08-30 21:41:06,863 - DEBUG - Starting processing of cluster 382/1214
2017-08-30 21:41:06,873 - DEBUG - Starting processing of cluster 383/1214
2017-08-30 21:41:06,882 - DEBUG - Starting processing of cluster 384/1214
2017-08-30 21:41:06,886 - DEBUG - Starting processing of cluster 385/1214
2017-08-30 21:41:06,892 - DEBUG - Starting processing of cluster 386/1214
2017-08-30 21:41:06,893 - DEBUG - Starting processing of cluster 387/1214
2017-08-30 21:41:06,895 - DEBUG - Starting processing of cluster 388/1214
2017-08-30 21:41:06,906 - DEBUG - Starting processing of cluster 389/1214
2017-08-30 21:41:06,908 - DEBUG - Starting processing of cluster 390/1214
2017-08-30 21:41:06,911 - DEBUG - Starting processing of cluster 391/1214
2017-08-30 21:41:06,913 - DEBUG - Starting processing of cluster 392/1214
2017-08-30 21:41:06,919 - DEBUG - Starting processing of cluster 393/1214
2017-08-30 21:41:06,921 - DEBUG - Starting processing of cluster 394/1214
2017-08-30 21:41:06,953 - DEBUG - Starting processing of cluster 395/1214
2017-08-30 21:41:06,955 - DEBUG - Starting processing of cluster 396/1214
2017-08-30 21:41:06,957 - DEBUG - Starting processing of cluster 397/1214
2017-08-30 21:41:06,959 - DEBUG - Starting processing of cluster 398/1214
2017-08-30 21:41:06,960 - DEBUG - Starting processing of cluster 399/1214
2017-08-30 21:41:06,973 - DEBUG - Starting processing of cluster 400/1214
2017-08-30 21:41:06,991 - DEBUG - Starting processing of cluster 401/1214
2017-08-30 21:41:07,006 - DEBUG - Starting processing of cluster 402/1214
2017-08-30 21:41:07,008 - DEBUG - Starting processing of cluster 403/1214
2017-08-30 21:41:07,023 - DEBUG - Starting processing of cluster 404/1214
2017-08-30 21:41:07,024 - DEBUG - Starting processing of cluster 405/1214
2017-08-30 21:41:07,026 - DEBUG - Starting processing of cluster 406/1214
2017-08-30 21:41:07,034 - DEBUG - Starting processing of cluster 407/1214
2017-08-30 21:41:07,036 - DEBUG - Starting processing of cluster 408/1214
2017-08-30 21:41:07,038 - DEBUG - Starting processing of cluster 409/1214
2017-08-30 21:41:07,045 - DEBUG - Starting processing of cluster 410/1214
2017-08-30 21:41:07,047 - DEBUG - Starting processing of cluster 411/1214
2017-08-30 21:41:07,049 - DEBUG - Starting processing of cluster 412/1214
2017-08-30 21:41:07,051 - DEBUG - Starting processing of cluster 413/1214
2017-08-30 21:41:07,053 - DEBUG - Starting processing of cluster 414/1214
2017-08-30 21:41:07,055 - DEBUG - Starting processing of cluster 415/1214
2017-08-30 21:41:07,065 - DEBUG - Starting processing of cluster 416/1214
2017-08-30 21:41:07,071 - DEBUG - Starting processing of cluster 417/1214
2017-08-30 21:41:07,078 - DEBUG - Starting processing of cluster 418/1214
2017-08-30 21:41:07,082 - DEBUG - Starting processing of cluster 419/1214
2017-08-30 21:41:07,087 - DEBUG - Starting processing of cluster 420/1214
2017-08-30 21:41:07,089 - DEBUG - Starting processing of cluster 421/1214
2017-08-30 21:41:07,093 - DEBUG - Starting processing of cluster 422/1214
2017-08-30 21:41:07,095 - DEBUG - Starting processing of cluster 423/1214
2017-08-30 21:41:07,096 - DEBUG - Starting processing of cluster 424/1214
2017-08-30 21:41:07,101 - DEBUG - Starting processing of cluster 425/1214
2017-08-30 21:41:07,106 - DEBUG - Starting processing of cluster 426/1214
2017-08-30 21:41:07,111 - DEBUG - Starting processing of cluster 427/1214
2017-08-30 21:41:07,112 - DEBUG - Starting processing of cluster 428/1214
2017-08-30 21:41:07,117 - DEBUG - Starting processing of cluster 429/1214
2017-08-30 21:41:07,118 - DEBUG - Starting processing of cluster 430/1214
2017-08-30 21:41:07,121 - DEBUG - Starting processing of cluster 431/1214
2017-08-30 21:41:07,123 - DEBUG - Starting processing of cluster 432/1214
2017-08-30 21:41:07,124 - DEBUG - Starting processing of cluster 433/1214
2017-08-30 21:41:07,129 - DEBUG - Starting processing of cluster 434/1214
2017-08-30 21:41:07,132 - DEBUG - Starting processing of cluster 435/1214
2017-08-30 21:41:07,134 - DEBUG - Starting processing of cluster 436/1214
2017-08-30 21:41:07,137 - DEBUG - Starting processing of cluster 437/1214
2017-08-30 21:41:07,139 - DEBUG - Starting processing of cluster 438/1214
2017-08-30 21:41:07,141 - DEBUG - Starting processing of cluster 439/1214
2017-08-30 21:41:07,143 - DEBUG - Starting processing of cluster 440/1214
2017-08-30 21:41:07,144 - DEBUG - Starting processing of cluster 441/1214
2017-08-30 21:41:07,146 - DEBUG - Starting processing of cluster 442/1214
2017-08-30 21:41:07,148 - DEBUG - Starting processing of cluster 443/1214
2017-08-30 21:41:07,150 - DEBUG - Starting processing of cluster 444/1214
2017-08-30 21:41:07,152 - DEBUG - Starting processing of cluster 445/1214
2017-08-30 21:41:07,154 - DEBUG - Starting processing of cluster 446/1214
2017-08-30 21:41:07,155 - DEBUG - Starting processing of cluster 447/1214
2017-08-30 21:41:07,157 - DEBUG - Starting processing of cluster 448/1214
2017-08-30 21:41:07,159 - DEBUG - Starting processing of cluster 449/1214
2017-08-30 21:41:07,161 - DEBUG - Starting processing of cluster 450/1214
2017-08-30 21:41:07,163 - DEBUG - Starting processing of cluster 451/1214
2017-08-30 21:41:07,164 - DEBUG - Starting processing of cluster 452/1214
2017-08-30 21:41:07,166 - DEBUG - Starting processing of cluster 453/1214
2017-08-30 21:41:07,169 - DEBUG - Starting processing of cluster 454/1214
2017-08-30 21:41:07,171 - DEBUG - Starting processing of cluster 455/1214
2017-08-30 21:41:07,172 - DEBUG - Starting processing of cluster 456/1214
2017-08-30 21:41:07,175 - DEBUG - Starting processing of cluster 457/1214
2017-08-30 21:41:07,178 - DEBUG - Starting processing of cluster 458/1214
2017-08-30 21:41:07,180 - DEBUG - Starting processing of cluster 459/1214
2017-08-30 21:41:07,183 - DEBUG - Starting processing of cluster 460/1214
2017-08-30 21:41:07,186 - DEBUG - Starting processing of cluster 461/1214
2017-08-30 21:41:07,190 - DEBUG - Starting processing of cluster 462/1214
2017-08-30 21:41:07,192 - DEBUG - Starting processing of cluster 463/1214
2017-08-30 21:41:07,194 - DEBUG - Starting processing of cluster 464/1214
2017-08-30 21:41:07,196 - DEBUG - Starting processing of cluster 465/1214
2017-08-30 21:41:07,199 - DEBUG - Starting processing of cluster 466/1214
2017-08-30 21:41:07,201 - DEBUG - Starting processing of cluster 467/1214
2017-08-30 21:41:07,204 - DEBUG - Starting processing of cluster 468/1214
2017-08-30 21:41:07,206 - DEBUG - Starting processing of cluster 469/1214
2017-08-30 21:41:07,207 - DEBUG - Starting processing of cluster 470/1214
2017-08-30 21:41:07,209 - DEBUG - Starting processing of cluster 471/1214
2017-08-30 21:41:07,211 - DEBUG - Starting processing of cluster 472/1214
2017-08-30 21:41:07,213 - DEBUG - Starting processing of cluster 473/1214
2017-08-30 21:41:07,215 - DEBUG - Starting processing of cluster 474/1214
2017-08-30 21:41:07,216 - DEBUG - Starting processing of cluster 475/1214
2017-08-30 21:41:07,222 - DEBUG - Starting processing of cluster 476/1214
2017-08-30 21:41:07,231 - DEBUG - Starting processing of cluster 477/1214
2017-08-30 21:41:07,234 - DEBUG - Starting processing of cluster 478/1214
2017-08-30 21:41:07,236 - DEBUG - Starting processing of cluster 479/1214
2017-08-30 21:41:07,246 - DEBUG - Starting processing of cluster 480/1214
2017-08-30 21:41:07,251 - DEBUG - Starting processing of cluster 481/1214
2017-08-30 21:41:07,255 - DEBUG - Starting processing of cluster 482/1214
2017-08-30 21:41:07,260 - DEBUG - Starting processing of cluster 483/1214
2017-08-30 21:41:07,267 - DEBUG - Starting processing of cluster 484/1214
2017-08-30 21:41:07,273 - DEBUG - Starting processing of cluster 485/1214
2017-08-30 21:41:07,275 - DEBUG - Starting processing of cluster 486/1214
2017-08-30 21:41:07,277 - DEBUG - Starting processing of cluster 487/1214
2017-08-30 21:41:07,279 - DEBUG - Starting processing of cluster 488/1214
2017-08-30 21:41:07,281 - DEBUG - Starting processing of cluster 489/1214
2017-08-30 21:41:07,283 - DEBUG - Starting processing of cluster 490/1214
2017-08-30 21:41:07,292 - DEBUG - Starting processing of cluster 491/1214
2017-08-30 21:41:07,294 - DEBUG - Starting processing of cluster 492/1214
2017-08-30 21:41:07,296 - DEBUG - Starting processing of cluster 493/1214
2017-08-30 21:41:07,298 - DEBUG - Starting processing of cluster 494/1214
2017-08-30 21:41:07,300 - DEBUG - Starting processing of cluster 495/1214
2017-08-30 21:41:07,306 - DEBUG - Starting processing of cluster 496/1214
2017-08-30 21:41:07,315 - DEBUG - Starting processing of cluster 497/1214
2017-08-30 21:41:07,318 - DEBUG - Starting processing of cluster 498/1214
2017-08-30 21:41:07,320 - DEBUG - Starting processing of cluster 499/1214
2017-08-30 21:41:07,322 - DEBUG - Starting processing of cluster 500/1214
2017-08-30 21:41:07,323 - DEBUG - Starting processing of cluster 501/1214
2017-08-30 21:41:07,325 - DEBUG - Starting processing of cluster 502/1214
2017-08-30 21:41:07,327 - DEBUG - Starting processing of cluster 503/1214
2017-08-30 21:41:07,329 - DEBUG - Starting processing of cluster 504/1214
2017-08-30 21:41:07,335 - DEBUG - Starting processing of cluster 505/1214
2017-08-30 21:41:07,337 - DEBUG - Starting processing of cluster 506/1214
2017-08-30 21:41:07,339 - DEBUG - Starting processing of cluster 507/1214
2017-08-30 21:41:07,340 - DEBUG - Starting processing of cluster 508/1214
2017-08-30 21:41:07,345 - DEBUG - Starting processing of cluster 509/1214
2017-08-30 21:41:07,346 - DEBUG - Starting processing of cluster 510/1214
2017-08-30 21:41:07,348 - DEBUG - Starting processing of cluster 511/1214
2017-08-30 21:41:07,350 - DEBUG - Starting processing of cluster 512/1214
2017-08-30 21:41:07,352 - DEBUG - Starting processing of cluster 513/1214
2017-08-30 21:41:07,355 - DEBUG - Starting processing of cluster 514/1214
2017-08-30 21:41:07,358 - DEBUG - Starting processing of cluster 515/1214
2017-08-30 21:41:07,360 - DEBUG - Starting processing of cluster 516/1214
2017-08-30 21:41:07,361 - DEBUG - Starting processing of cluster 517/1214
2017-08-30 21:41:07,363 - DEBUG - Starting processing of cluster 518/1214
2017-08-30 21:41:07,365 - DEBUG - Starting processing of cluster 519/1214
2017-08-30 21:41:07,367 - DEBUG - Starting processing of cluster 520/1214
2017-08-30 21:41:07,369 - DEBUG - Starting processing of cluster 521/1214
2017-08-30 21:41:07,371 - DEBUG - Starting processing of cluster 522/1214
2017-08-30 21:41:07,373 - DEBUG - Starting processing of cluster 523/1214
2017-08-30 21:41:07,375 - DEBUG - Starting processing of cluster 524/1214
2017-08-30 21:41:07,377 - DEBUG - Starting processing of cluster 525/1214
2017-08-30 21:41:07,379 - DEBUG - Starting processing of cluster 526/1214
2017-08-30 21:41:07,381 - DEBUG - Starting processing of cluster 527/1214
2017-08-30 21:41:07,385 - DEBUG - Starting processing of cluster 528/1214
2017-08-30 21:41:07,387 - DEBUG - Starting processing of cluster 529/1214
2017-08-30 21:41:07,389 - DEBUG - Starting processing of cluster 530/1214
2017-08-30 21:41:07,391 - DEBUG - Starting processing of cluster 531/1214
2017-08-30 21:41:07,397 - DEBUG - Starting processing of cluster 532/1214
2017-08-30 21:41:07,399 - DEBUG - Starting processing of cluster 533/1214
2017-08-30 21:41:07,401 - DEBUG - Starting processing of cluster 534/1214
2017-08-30 21:41:07,402 - DEBUG - Starting processing of cluster 535/1214
2017-08-30 21:41:07,405 - DEBUG - Starting processing of cluster 536/1214
2017-08-30 21:41:07,407 - DEBUG - Starting processing of cluster 537/1214
2017-08-30 21:41:07,409 - DEBUG - Starting processing of cluster 538/1214
2017-08-30 21:41:07,412 - DEBUG - Starting processing of cluster 539/1214
2017-08-30 21:41:07,414 - DEBUG - Starting processing of cluster 540/1214
2017-08-30 21:41:07,416 - DEBUG - Starting processing of cluster 541/1214
2017-08-30 21:41:07,418 - DEBUG - Starting processing of cluster 542/1214
2017-08-30 21:41:07,419 - DEBUG - Starting processing of cluster 543/1214
2017-08-30 21:41:07,426 - DEBUG - Starting processing of cluster 544/1214
2017-08-30 21:41:07,430 - DEBUG - Starting processing of cluster 545/1214
2017-08-30 21:41:07,432 - DEBUG - Starting processing of cluster 546/1214
2017-08-30 21:41:07,434 - DEBUG - Starting processing of cluster 547/1214
2017-08-30 21:41:07,436 - DEBUG - Starting processing of cluster 548/1214
2017-08-30 21:41:07,441 - DEBUG - Starting processing of cluster 549/1214
2017-08-30 21:41:07,443 - DEBUG - Starting processing of cluster 550/1214
2017-08-30 21:41:07,445 - DEBUG - Starting processing of cluster 551/1214
2017-08-30 21:41:07,447 - DEBUG - Starting processing of cluster 552/1214
2017-08-30 21:41:07,449 - DEBUG - Starting processing of cluster 553/1214
2017-08-30 21:41:07,450 - DEBUG - Starting processing of cluster 554/1214
2017-08-30 21:41:07,452 - DEBUG - Starting processing of cluster 555/1214
2017-08-30 21:41:07,454 - DEBUG - Starting processing of cluster 556/1214
2017-08-30 21:41:07,456 - DEBUG - Starting processing of cluster 557/1214
2017-08-30 21:41:07,458 - DEBUG - Starting processing of cluster 558/1214
2017-08-30 21:41:07,461 - DEBUG - Starting processing of cluster 559/1214
2017-08-30 21:41:07,463 - DEBUG - Starting processing of cluster 560/1214
2017-08-30 21:41:07,465 - DEBUG - Starting processing of cluster 561/1214
2017-08-30 21:41:07,469 - DEBUG - Starting processing of cluster 562/1214
2017-08-30 21:41:07,471 - DEBUG - Starting processing of cluster 563/1214
2017-08-30 21:41:07,476 - DEBUG - Starting processing of cluster 564/1214
2017-08-30 21:41:07,477 - DEBUG - Starting processing of cluster 565/1214
2017-08-30 21:41:07,479 - DEBUG - Starting processing of cluster 566/1214
2017-08-30 21:41:07,483 - DEBUG - Starting processing of cluster 567/1214
2017-08-30 21:41:07,486 - DEBUG - Starting processing of cluster 568/1214
2017-08-30 21:41:07,488 - DEBUG - Starting processing of cluster 569/1214
2017-08-30 21:41:07,496 - DEBUG - Starting processing of cluster 570/1214
2017-08-30 21:41:07,499 - DEBUG - Starting processing of cluster 571/1214
2017-08-30 21:41:07,502 - DEBUG - Starting processing of cluster 572/1214
2017-08-30 21:41:07,505 - DEBUG - Starting processing of cluster 573/1214
2017-08-30 21:41:07,507 - DEBUG - Starting processing of cluster 574/1214
2017-08-30 21:41:07,509 - DEBUG - Starting processing of cluster 575/1214
2017-08-30 21:41:07,511 - DEBUG - Starting processing of cluster 576/1214
2017-08-30 21:41:07,513 - DEBUG - Starting processing of cluster 577/1214
2017-08-30 21:41:07,519 - DEBUG - Starting processing of cluster 578/1214
2017-08-30 21:41:07,521 - DEBUG - Starting processing of cluster 579/1214
2017-08-30 21:41:07,527 - DEBUG - Starting processing of cluster 580/1214
2017-08-30 21:41:07,535 - DEBUG - Starting processing of cluster 581/1214
2017-08-30 21:41:07,537 - DEBUG - Starting processing of cluster 582/1214
2017-08-30 21:41:07,539 - DEBUG - Starting processing of cluster 583/1214
2017-08-30 21:41:07,545 - DEBUG - Starting processing of cluster 584/1214
2017-08-30 21:41:07,547 - DEBUG - Starting processing of cluster 585/1214
2017-08-30 21:41:07,549 - DEBUG - Starting processing of cluster 586/1214
2017-08-30 21:41:07,556 - DEBUG - Starting processing of cluster 587/1214
2017-08-30 21:41:07,559 - DEBUG - Starting processing of cluster 588/1214
2017-08-30 21:41:07,561 - DEBUG - Starting processing of cluster 589/1214
2017-08-30 21:41:07,563 - DEBUG - Starting processing of cluster 590/1214
2017-08-30 21:41:07,567 - DEBUG - Starting processing of cluster 591/1214
2017-08-30 21:41:07,570 - DEBUG - Starting processing of cluster 592/1214
2017-08-30 21:41:07,573 - DEBUG - Starting processing of cluster 593/1214
2017-08-30 21:41:07,575 - DEBUG - Starting processing of cluster 594/1214
2017-08-30 21:41:07,577 - DEBUG - Starting processing of cluster 595/1214
2017-08-30 21:41:07,579 - DEBUG - Starting processing of cluster 596/1214
2017-08-30 21:41:07,580 - DEBUG - Starting processing of cluster 597/1214
2017-08-30 21:41:07,582 - DEBUG - Starting processing of cluster 598/1214
2017-08-30 21:41:07,584 - DEBUG - Starting processing of cluster 599/1214
2017-08-30 21:41:07,586 - DEBUG - Starting processing of cluster 600/1214
2017-08-30 21:41:07,588 - DEBUG - Starting processing of cluster 601/1214
2017-08-30 21:41:07,591 - DEBUG - Starting processing of cluster 602/1214
2017-08-30 21:41:07,593 - DEBUG - Starting processing of cluster 603/1214
2017-08-30 21:41:07,595 - DEBUG - Starting processing of cluster 604/1214
2017-08-30 21:41:07,596 - DEBUG - Starting processing of cluster 605/1214
2017-08-30 21:41:07,598 - DEBUG - Starting processing of cluster 606/1214
2017-08-30 21:41:07,600 - DEBUG - Starting processing of cluster 607/1214
2017-08-30 21:41:07,602 - DEBUG - Starting processing of cluster 608/1214
2017-08-30 21:41:07,604 - DEBUG - Starting processing of cluster 609/1214
2017-08-30 21:41:07,605 - DEBUG - Starting processing of cluster 610/1214
2017-08-30 21:41:07,607 - DEBUG - Starting processing of cluster 611/1214
2017-08-30 21:41:07,609 - DEBUG - Starting processing of cluster 612/1214
2017-08-30 21:41:07,618 - DEBUG - Starting processing of cluster 613/1214
2017-08-30 21:41:07,620 - DEBUG - Starting processing of cluster 614/1214
2017-08-30 21:41:07,622 - DEBUG - Starting processing of cluster 615/1214
2017-08-30 21:41:07,624 - DEBUG - Starting processing of cluster 616/1214
2017-08-30 21:41:07,626 - DEBUG - Starting processing of cluster 617/1214
2017-08-30 21:41:07,635 - DEBUG - Starting processing of cluster 618/1214
2017-08-30 21:41:07,636 - DEBUG - Starting processing of cluster 619/1214
2017-08-30 21:41:07,642 - DEBUG - Starting processing of cluster 620/1214
2017-08-30 21:41:07,645 - DEBUG - Starting processing of cluster 621/1214
2017-08-30 21:41:07,647 - DEBUG - Starting processing of cluster 622/1214
2017-08-30 21:41:07,648 - DEBUG - Starting processing of cluster 623/1214
2017-08-30 21:41:07,650 - DEBUG - Starting processing of cluster 624/1214
2017-08-30 21:41:07,652 - DEBUG - Starting processing of cluster 625/1214
2017-08-30 21:41:07,655 - DEBUG - Starting processing of cluster 626/1214
2017-08-30 21:41:07,676 - DEBUG - Starting processing of cluster 627/1214
2017-08-30 21:41:07,679 - DEBUG - Starting processing of cluster 628/1214
2017-08-30 21:41:07,683 - DEBUG - Starting processing of cluster 629/1214
2017-08-30 21:41:07,701 - DEBUG - Starting processing of cluster 630/1214
2017-08-30 21:41:07,714 - DEBUG - Starting processing of cluster 631/1214
2017-08-30 21:41:07,731 - DEBUG - Starting processing of cluster 632/1214
2017-08-30 21:41:07,733 - DEBUG - Starting processing of cluster 633/1214
2017-08-30 21:41:07,748 - DEBUG - Starting processing of cluster 634/1214
2017-08-30 21:41:07,750 - DEBUG - Starting processing of cluster 635/1214
2017-08-30 21:41:07,752 - DEBUG - Starting processing of cluster 636/1214
2017-08-30 21:41:07,754 - DEBUG - Starting processing of cluster 637/1214
2017-08-30 21:41:07,756 - DEBUG - Starting processing of cluster 638/1214
2017-08-30 21:41:07,757 - DEBUG - Starting processing of cluster 639/1214
2017-08-30 21:41:07,761 - DEBUG - Starting processing of cluster 640/1214
2017-08-30 21:41:07,772 - DEBUG - Starting processing of cluster 641/1214
2017-08-30 21:41:07,774 - DEBUG - Starting processing of cluster 642/1214
2017-08-30 21:41:07,800 - DEBUG - Starting processing of cluster 643/1214
2017-08-30 21:41:07,802 - DEBUG - Starting processing of cluster 644/1214
2017-08-30 21:41:07,808 - DEBUG - Starting processing of cluster 645/1214
2017-08-30 21:41:07,810 - DEBUG - Starting processing of cluster 646/1214
2017-08-30 21:41:07,814 - DEBUG - Starting processing of cluster 647/1214
2017-08-30 21:41:07,819 - DEBUG - Starting processing of cluster 648/1214
2017-08-30 21:41:07,821 - DEBUG - Starting processing of cluster 649/1214
2017-08-30 21:41:07,826 - DEBUG - Starting processing of cluster 650/1214
2017-08-30 21:41:07,827 - DEBUG - Starting processing of cluster 651/1214
2017-08-30 21:41:07,832 - DEBUG - Starting processing of cluster 652/1214
2017-08-30 21:41:07,840 - DEBUG - Starting processing of cluster 653/1214
2017-08-30 21:41:07,842 - DEBUG - Starting processing of cluster 654/1214
2017-08-30 21:41:07,843 - DEBUG - Starting processing of cluster 655/1214
2017-08-30 21:41:07,845 - DEBUG - Starting processing of cluster 656/1214
2017-08-30 21:41:07,847 - DEBUG - Starting processing of cluster 657/1214
2017-08-30 21:41:07,854 - DEBUG - Starting processing of cluster 658/1214
2017-08-30 21:41:07,855 - DEBUG - Starting processing of cluster 659/1214
2017-08-30 21:41:07,857 - DEBUG - Starting processing of cluster 660/1214
2017-08-30 21:41:07,859 - DEBUG - Starting processing of cluster 661/1214
2017-08-30 21:41:07,861 - DEBUG - Starting processing of cluster 662/1214
2017-08-30 21:41:07,863 - DEBUG - Starting processing of cluster 663/1214
2017-08-30 21:41:07,865 - DEBUG - Starting processing of cluster 664/1214
2017-08-30 21:41:07,870 - DEBUG - Starting processing of cluster 665/1214
2017-08-30 21:41:07,879 - DEBUG - Starting processing of cluster 666/1214
2017-08-30 21:41:07,886 - DEBUG - Starting processing of cluster 667/1214
2017-08-30 21:41:07,888 - DEBUG - Starting processing of cluster 668/1214
2017-08-30 21:41:07,896 - DEBUG - Starting processing of cluster 669/1214
2017-08-30 21:41:07,898 - DEBUG - Starting processing of cluster 670/1214
2017-08-30 21:41:07,900 - DEBUG - Starting processing of cluster 671/1214
2017-08-30 21:41:07,901 - DEBUG - Starting processing of cluster 672/1214
2017-08-30 21:41:07,904 - DEBUG - Starting processing of cluster 673/1214
2017-08-30 21:41:07,910 - DEBUG - Starting processing of cluster 674/1214
2017-08-30 21:41:07,922 - DEBUG - Starting processing of cluster 675/1214
2017-08-30 21:41:07,939 - DEBUG - Starting processing of cluster 676/1214
2017-08-30 21:41:07,945 - DEBUG - Starting processing of cluster 677/1214
2017-08-30 21:41:07,949 - DEBUG - Starting processing of cluster 678/1214
2017-08-30 21:41:07,967 - DEBUG - Starting processing of cluster 679/1214
2017-08-30 21:41:07,976 - DEBUG - Starting processing of cluster 680/1214
2017-08-30 21:41:07,992 - DEBUG - Starting processing of cluster 681/1214
2017-08-30 21:41:07,994 - DEBUG - Starting processing of cluster 682/1214
2017-08-30 21:41:07,998 - DEBUG - Starting processing of cluster 683/1214
2017-08-30 21:41:08,006 - DEBUG - Starting processing of cluster 684/1214
2017-08-30 21:41:08,008 - DEBUG - Starting processing of cluster 685/1214
2017-08-30 21:41:08,018 - DEBUG - Starting processing of cluster 686/1214
2017-08-30 21:41:08,025 - DEBUG - Starting processing of cluster 687/1214
2017-08-30 21:41:08,028 - DEBUG - Starting processing of cluster 688/1214
2017-08-30 21:41:08,044 - DEBUG - Starting processing of cluster 689/1214
2017-08-30 21:41:08,049 - DEBUG - Starting processing of cluster 690/1214
2017-08-30 21:41:08,053 - DEBUG - Starting processing of cluster 691/1214
2017-08-30 21:41:08,058 - DEBUG - Starting processing of cluster 692/1214
2017-08-30 21:41:08,063 - DEBUG - Starting processing of cluster 693/1214
2017-08-30 21:41:08,067 - DEBUG - Starting processing of cluster 694/1214
2017-08-30 21:41:08,087 - DEBUG - Starting processing of cluster 695/1214
2017-08-30 21:41:08,089 - DEBUG - Starting processing of cluster 696/1214
2017-08-30 21:41:08,106 - DEBUG - Starting processing of cluster 697/1214
2017-08-30 21:41:08,108 - DEBUG - Starting processing of cluster 698/1214
2017-08-30 21:41:08,126 - DEBUG - Starting processing of cluster 699/1214
2017-08-30 21:41:08,128 - DEBUG - Starting processing of cluster 700/1214
2017-08-30 21:41:08,136 - DEBUG - Starting processing of cluster 701/1214
2017-08-30 21:41:08,138 - DEBUG - Starting processing of cluster 702/1214
2017-08-30 21:41:08,141 - DEBUG - Starting processing of cluster 703/1214
2017-08-30 21:41:08,144 - DEBUG - Starting processing of cluster 704/1214
2017-08-30 21:41:08,148 - DEBUG - Starting processing of cluster 705/1214
2017-08-30 21:41:08,150 - DEBUG - Starting processing of cluster 706/1214
2017-08-30 21:41:08,152 - DEBUG - Starting processing of cluster 707/1214
2017-08-30 21:41:08,154 - DEBUG - Starting processing of cluster 708/1214
2017-08-30 21:41:08,163 - DEBUG - Starting processing of cluster 709/1214
2017-08-30 21:41:08,169 - DEBUG - Starting processing of cluster 710/1214
2017-08-30 21:41:08,173 - DEBUG - Starting processing of cluster 711/1214
2017-08-30 21:41:08,183 - DEBUG - Starting processing of cluster 712/1214
2017-08-30 21:41:08,199 - DEBUG - Starting processing of cluster 713/1214
2017-08-30 21:41:08,201 - DEBUG - Starting processing of cluster 714/1214
2017-08-30 21:41:08,211 - DEBUG - Starting processing of cluster 715/1214
2017-08-30 21:41:08,213 - DEBUG - Starting processing of cluster 716/1214
2017-08-30 21:41:08,214 - DEBUG - Starting processing of cluster 717/1214
2017-08-30 21:41:08,216 - DEBUG - Starting processing of cluster 718/1214
2017-08-30 21:41:08,219 - DEBUG - Starting processing of cluster 719/1214
2017-08-30 21:41:08,221 - DEBUG - Starting processing of cluster 720/1214
2017-08-30 21:41:08,222 - DEBUG - Starting processing of cluster 721/1214
2017-08-30 21:41:08,224 - DEBUG - Starting processing of cluster 722/1214
2017-08-30 21:41:08,227 - DEBUG - Starting processing of cluster 723/1214
2017-08-30 21:41:08,229 - DEBUG - Starting processing of cluster 724/1214
2017-08-30 21:41:08,230 - DEBUG - Starting processing of cluster 725/1214
2017-08-30 21:41:08,232 - DEBUG - Starting processing of cluster 726/1214
2017-08-30 21:41:08,234 - DEBUG - Starting processing of cluster 727/1214
2017-08-30 21:41:08,254 - DEBUG - Starting processing of cluster 728/1214
2017-08-30 21:41:08,265 - DEBUG - Starting processing of cluster 729/1214
2017-08-30 21:41:08,267 - DEBUG - Starting processing of cluster 730/1214
2017-08-30 21:41:08,269 - DEBUG - Starting processing of cluster 731/1214
2017-08-30 21:41:08,270 - DEBUG - Starting processing of cluster 732/1214
2017-08-30 21:41:08,274 - DEBUG - Starting processing of cluster 733/1214
2017-08-30 21:41:08,280 - DEBUG - Starting processing of cluster 734/1214
2017-08-30 21:41:08,281 - DEBUG - Starting processing of cluster 735/1214
2017-08-30 21:41:08,287 - DEBUG - Starting processing of cluster 736/1214
2017-08-30 21:41:08,289 - DEBUG - Starting processing of cluster 737/1214
2017-08-30 21:41:08,291 - DEBUG - Starting processing of cluster 738/1214
2017-08-30 21:41:08,293 - DEBUG - Starting processing of cluster 739/1214
2017-08-30 21:41:08,294 - DEBUG - Starting processing of cluster 740/1214
2017-08-30 21:41:08,296 - DEBUG - Starting processing of cluster 741/1214
2017-08-30 21:41:08,298 - DEBUG - Starting processing of cluster 742/1214
2017-08-30 21:41:08,302 - DEBUG - Starting processing of cluster 743/1214
2017-08-30 21:41:08,304 - DEBUG - Starting processing of cluster 744/1214
2017-08-30 21:41:08,307 - DEBUG - Starting processing of cluster 745/1214
2017-08-30 21:41:08,308 - DEBUG - Starting processing of cluster 746/1214
2017-08-30 21:41:08,310 - DEBUG - Starting processing of cluster 747/1214
2017-08-30 21:41:08,313 - DEBUG - Starting processing of cluster 748/1214
2017-08-30 21:41:08,315 - DEBUG - Starting processing of cluster 749/1214
2017-08-30 21:41:08,316 - DEBUG - Starting processing of cluster 750/1214
2017-08-30 21:41:08,319 - DEBUG - Starting processing of cluster 751/1214
2017-08-30 21:41:08,326 - DEBUG - Starting processing of cluster 752/1214
2017-08-30 21:41:08,327 - DEBUG - Starting processing of cluster 753/1214
2017-08-30 21:41:08,329 - DEBUG - Starting processing of cluster 754/1214
2017-08-30 21:41:08,331 - DEBUG - Starting processing of cluster 755/1214
2017-08-30 21:41:08,333 - DEBUG - Starting processing of cluster 756/1214
2017-08-30 21:41:08,335 - DEBUG - Starting processing of cluster 757/1214
2017-08-30 21:41:08,337 - DEBUG - Starting processing of cluster 758/1214
2017-08-30 21:41:08,339 - DEBUG - Starting processing of cluster 759/1214
2017-08-30 21:41:08,340 - DEBUG - Starting processing of cluster 760/1214
2017-08-30 21:41:08,354 - DEBUG - Starting processing of cluster 761/1214
2017-08-30 21:41:08,355 - DEBUG - Starting processing of cluster 762/1214
2017-08-30 21:41:08,360 - DEBUG - Starting processing of cluster 763/1214
2017-08-30 21:41:08,365 - DEBUG - Starting processing of cluster 764/1214
2017-08-30 21:41:08,369 - DEBUG - Starting processing of cluster 765/1214
2017-08-30 21:41:08,374 - DEBUG - Starting processing of cluster 766/1214
2017-08-30 21:41:08,378 - DEBUG - Starting processing of cluster 767/1214
2017-08-30 21:41:08,382 - DEBUG - Starting processing of cluster 768/1214
2017-08-30 21:41:08,384 - DEBUG - Starting processing of cluster 769/1214
2017-08-30 21:41:08,386 - DEBUG - Starting processing of cluster 770/1214
2017-08-30 21:41:08,391 - DEBUG - Starting processing of cluster 771/1214
2017-08-30 21:41:08,392 - DEBUG - Starting processing of cluster 772/1214
2017-08-30 21:41:08,394 - DEBUG - Starting processing of cluster 773/1214
2017-08-30 21:41:08,396 - DEBUG - Starting processing of cluster 774/1214
2017-08-30 21:41:08,398 - DEBUG - Starting processing of cluster 775/1214
2017-08-30 21:41:08,401 - DEBUG - Starting processing of cluster 776/1214
2017-08-30 21:41:08,403 - DEBUG - Starting processing of cluster 777/1214
2017-08-30 21:41:08,405 - DEBUG - Starting processing of cluster 778/1214
2017-08-30 21:41:08,407 - DEBUG - Starting processing of cluster 779/1214
2017-08-30 21:41:08,408 - DEBUG - Starting processing of cluster 780/1214
2017-08-30 21:41:08,412 - DEBUG - Starting processing of cluster 781/1214
2017-08-30 21:41:08,413 - DEBUG - Starting processing of cluster 782/1214
2017-08-30 21:41:08,415 - DEBUG - Starting processing of cluster 783/1214
2017-08-30 21:41:08,417 - DEBUG - Starting processing of cluster 784/1214
2017-08-30 21:41:08,419 - DEBUG - Starting processing of cluster 785/1214
2017-08-30 21:41:08,421 - DEBUG - Starting processing of cluster 786/1214
2017-08-30 21:41:08,423 - DEBUG - Starting processing of cluster 787/1214
2017-08-30 21:41:08,424 - DEBUG - Starting processing of cluster 788/1214
2017-08-30 21:41:08,428 - DEBUG - Starting processing of cluster 789/1214
2017-08-30 21:41:08,429 - DEBUG - Starting processing of cluster 790/1214
2017-08-30 21:41:08,431 - DEBUG - Starting processing of cluster 791/1214
2017-08-30 21:41:08,433 - DEBUG - Starting processing of cluster 792/1214
2017-08-30 21:41:08,435 - DEBUG - Starting processing of cluster 793/1214
2017-08-30 21:41:08,437 - DEBUG - Starting processing of cluster 794/1214
2017-08-30 21:41:08,439 - DEBUG - Starting processing of cluster 795/1214
2017-08-30 21:41:08,440 - DEBUG - Starting processing of cluster 796/1214
2017-08-30 21:41:08,442 - DEBUG - Starting processing of cluster 797/1214
2017-08-30 21:41:08,444 - DEBUG - Starting processing of cluster 798/1214
2017-08-30 21:41:08,446 - DEBUG - Starting processing of cluster 799/1214
2017-08-30 21:41:08,448 - DEBUG - Starting processing of cluster 800/1214
2017-08-30 21:41:08,450 - DEBUG - Starting processing of cluster 801/1214
2017-08-30 21:41:08,456 - DEBUG - Starting processing of cluster 802/1214
2017-08-30 21:41:08,458 - DEBUG - Starting processing of cluster 803/1214
2017-08-30 21:41:08,459 - DEBUG - Starting processing of cluster 804/1214
2017-08-30 21:41:08,461 - DEBUG - Starting processing of cluster 805/1214
2017-08-30 21:41:08,463 - DEBUG - Starting processing of cluster 806/1214
2017-08-30 21:41:08,467 - DEBUG - Starting processing of cluster 807/1214
2017-08-30 21:41:08,469 - DEBUG - Starting processing of cluster 808/1214
2017-08-30 21:41:08,471 - DEBUG - Starting processing of cluster 809/1214
2017-08-30 21:41:08,473 - DEBUG - Starting processing of cluster 810/1214
2017-08-30 21:41:08,475 - DEBUG - Starting processing of cluster 811/1214
2017-08-30 21:41:08,476 - DEBUG - Starting processing of cluster 812/1214
2017-08-30 21:41:08,478 - DEBUG - Starting processing of cluster 813/1214
2017-08-30 21:41:08,480 - DEBUG - Starting processing of cluster 814/1214
2017-08-30 21:41:08,483 - DEBUG - Starting processing of cluster 815/1214
2017-08-30 21:41:08,494 - DEBUG - Starting processing of cluster 816/1214
2017-08-30 21:41:08,496 - DEBUG - Starting processing of cluster 817/1214
2017-08-30 21:41:08,499 - DEBUG - Starting processing of cluster 818/1214
2017-08-30 21:41:08,501 - DEBUG - Starting processing of cluster 819/1214
2017-08-30 21:41:08,506 - DEBUG - Starting processing of cluster 820/1214
2017-08-30 21:41:08,508 - DEBUG - Starting processing of cluster 821/1214
2017-08-30 21:41:08,510 - DEBUG - Starting processing of cluster 822/1214
2017-08-30 21:41:08,512 - DEBUG - Starting processing of cluster 823/1214
2017-08-30 21:41:08,515 - DEBUG - Starting processing of cluster 824/1214
2017-08-30 21:41:08,517 - DEBUG - Starting processing of cluster 825/1214
2017-08-30 21:41:08,518 - DEBUG - Starting processing of cluster 826/1214
2017-08-30 21:41:08,520 - DEBUG - Starting processing of cluster 827/1214
2017-08-30 21:41:08,522 - DEBUG - Starting processing of cluster 828/1214
2017-08-30 21:41:08,553 - DEBUG - Starting processing of cluster 829/1214
2017-08-30 21:41:08,581 - DEBUG - Starting processing of cluster 830/1214
2017-08-30 21:41:08,619 - DEBUG - Starting processing of cluster 831/1214
2017-08-30 21:41:08,639 - DEBUG - Starting processing of cluster 832/1214
2017-08-30 21:41:08,654 - DEBUG - Starting processing of cluster 833/1214
2017-08-30 21:41:08,681 - DEBUG - Starting processing of cluster 834/1214
2017-08-30 21:41:08,689 - DEBUG - Starting processing of cluster 835/1214
2017-08-30 21:41:08,701 - DEBUG - Starting processing of cluster 836/1214
2017-08-30 21:41:08,703 - DEBUG - Starting processing of cluster 837/1214
2017-08-30 21:41:08,705 - DEBUG - Starting processing of cluster 838/1214
2017-08-30 21:41:08,708 - DEBUG - Starting processing of cluster 839/1214
2017-08-30 21:41:08,747 - DEBUG - Starting processing of cluster 840/1214
2017-08-30 21:41:08,771 - DEBUG - Starting processing of cluster 841/1214
2017-08-30 21:41:08,783 - DEBUG - Starting processing of cluster 842/1214
2017-08-30 21:41:08,809 - DEBUG - Starting processing of cluster 843/1214
2017-08-30 21:41:08,827 - DEBUG - Starting processing of cluster 844/1214
2017-08-30 21:41:08,831 - DEBUG - Starting processing of cluster 845/1214
2017-08-30 21:41:08,837 - DEBUG - Starting processing of cluster 846/1214
2017-08-30 21:41:08,853 - DEBUG - Starting processing of cluster 847/1214
2017-08-30 21:41:08,868 - DEBUG - Starting processing of cluster 848/1214
2017-08-30 21:41:08,883 - DEBUG - Starting processing of cluster 849/1214
2017-08-30 21:41:08,901 - DEBUG - Starting processing of cluster 850/1214
2017-08-30 21:41:08,906 - DEBUG - Starting processing of cluster 851/1214
2017-08-30 21:41:08,916 - DEBUG - Starting processing of cluster 852/1214
2017-08-30 21:41:08,920 - DEBUG - Starting processing of cluster 853/1214
2017-08-30 21:41:08,922 - DEBUG - Starting processing of cluster 854/1214
2017-08-30 21:41:08,936 - DEBUG - Starting processing of cluster 855/1214
2017-08-30 21:41:08,946 - DEBUG - Starting processing of cluster 856/1214
2017-08-30 21:41:08,948 - DEBUG - Starting processing of cluster 857/1214
2017-08-30 21:41:08,968 - DEBUG - Starting processing of cluster 858/1214
2017-08-30 21:41:08,978 - DEBUG - Starting processing of cluster 859/1214
2017-08-30 21:41:08,992 - DEBUG - Starting processing of cluster 860/1214
2017-08-30 21:41:09,001 - DEBUG - Starting processing of cluster 861/1214
2017-08-30 21:41:09,002 - DEBUG - Starting processing of cluster 862/1214
2017-08-30 21:41:09,004 - DEBUG - Starting processing of cluster 863/1214
2017-08-30 21:41:09,031 - DEBUG - Starting processing of cluster 864/1214
2017-08-30 21:41:09,053 - DEBUG - Starting processing of cluster 865/1214
2017-08-30 21:41:09,070 - DEBUG - Starting processing of cluster 866/1214
2017-08-30 21:41:09,073 - DEBUG - Starting processing of cluster 867/1214
2017-08-30 21:41:09,075 - DEBUG - Starting processing of cluster 868/1214
2017-08-30 21:41:09,100 - DEBUG - Starting processing of cluster 869/1214
2017-08-30 21:41:09,123 - DEBUG - Starting processing of cluster 870/1214
2017-08-30 21:41:09,136 - DEBUG - Starting processing of cluster 871/1214
2017-08-30 21:41:09,146 - DEBUG - Starting processing of cluster 872/1214
2017-08-30 21:41:09,149 - DEBUG - Starting processing of cluster 873/1214
2017-08-30 21:41:09,152 - DEBUG - Starting processing of cluster 874/1214
2017-08-30 21:41:09,154 - DEBUG - Starting processing of cluster 875/1214
2017-08-30 21:41:09,162 - DEBUG - Starting processing of cluster 876/1214
2017-08-30 21:41:09,168 - DEBUG - Starting processing of cluster 877/1214
2017-08-30 21:41:09,181 - DEBUG - Starting processing of cluster 878/1214
2017-08-30 21:41:09,190 - DEBUG - Starting processing of cluster 879/1214
2017-08-30 21:41:09,212 - DEBUG - Starting processing of cluster 880/1214
2017-08-30 21:41:09,230 - DEBUG - Starting processing of cluster 881/1214
2017-08-30 21:41:09,238 - DEBUG - Starting processing of cluster 882/1214
2017-08-30 21:41:09,242 - DEBUG - Starting processing of cluster 883/1214
2017-08-30 21:41:09,255 - DEBUG - Starting processing of cluster 884/1214
2017-08-30 21:41:09,266 - DEBUG - Starting processing of cluster 885/1214
2017-08-30 21:41:09,275 - DEBUG - Starting processing of cluster 886/1214
2017-08-30 21:41:09,285 - DEBUG - Starting processing of cluster 887/1214
2017-08-30 21:41:09,294 - DEBUG - Starting processing of cluster 888/1214
2017-08-30 21:41:09,305 - DEBUG - Starting processing of cluster 889/1214
2017-08-30 21:41:09,308 - DEBUG - Starting processing of cluster 890/1214
2017-08-30 21:41:09,316 - DEBUG - Starting processing of cluster 891/1214
2017-08-30 21:41:09,326 - DEBUG - Starting processing of cluster 892/1214
2017-08-30 21:41:09,333 - DEBUG - Starting processing of cluster 893/1214
2017-08-30 21:41:09,336 - DEBUG - Starting processing of cluster 894/1214
2017-08-30 21:41:09,347 - DEBUG - Starting processing of cluster 895/1214
2017-08-30 21:41:09,349 - DEBUG - Starting processing of cluster 896/1214
2017-08-30 21:41:09,360 - DEBUG - Starting processing of cluster 897/1214
2017-08-30 21:41:09,366 - DEBUG - Starting processing of cluster 898/1214
2017-08-30 21:41:09,380 - DEBUG - Starting processing of cluster 899/1214
2017-08-30 21:41:09,389 - DEBUG - Starting processing of cluster 900/1214
2017-08-30 21:41:09,403 - DEBUG - Starting processing of cluster 901/1214
2017-08-30 21:41:09,414 - DEBUG - Starting processing of cluster 902/1214
2017-08-30 21:41:09,427 - DEBUG - Starting processing of cluster 903/1214
2017-08-30 21:41:09,436 - DEBUG - Starting processing of cluster 904/1214
2017-08-30 21:41:09,440 - DEBUG - Starting processing of cluster 905/1214
2017-08-30 21:41:09,451 - DEBUG - Starting processing of cluster 906/1214
2017-08-30 21:41:09,459 - DEBUG - Starting processing of cluster 907/1214
2017-08-30 21:41:09,460 - DEBUG - Starting processing of cluster 908/1214
2017-08-30 21:41:09,476 - DEBUG - Starting processing of cluster 909/1214
2017-08-30 21:41:09,482 - DEBUG - Starting processing of cluster 910/1214
2017-08-30 21:41:09,486 - DEBUG - Starting processing of cluster 911/1214
2017-08-30 21:41:09,495 - DEBUG - Starting processing of cluster 912/1214
2017-08-30 21:41:09,501 - DEBUG - Starting processing of cluster 913/1214
2017-08-30 21:41:09,509 - DEBUG - Starting processing of cluster 914/1214
2017-08-30 21:41:09,513 - DEBUG - Starting processing of cluster 915/1214
2017-08-30 21:41:09,519 - DEBUG - Starting processing of cluster 916/1214
2017-08-30 21:41:09,528 - DEBUG - Starting processing of cluster 917/1214
2017-08-30 21:41:09,538 - DEBUG - Starting processing of cluster 918/1214
2017-08-30 21:41:09,546 - DEBUG - Starting processing of cluster 919/1214
2017-08-30 21:41:09,555 - DEBUG - Starting processing of cluster 920/1214
2017-08-30 21:41:09,563 - DEBUG - Starting processing of cluster 921/1214
2017-08-30 21:41:09,571 - DEBUG - Starting processing of cluster 922/1214
2017-08-30 21:41:09,573 - DEBUG - Starting processing of cluster 923/1214
2017-08-30 21:41:09,578 - DEBUG - Starting processing of cluster 924/1214
2017-08-30 21:41:09,585 - DEBUG - Starting processing of cluster 925/1214
2017-08-30 21:41:09,587 - DEBUG - Starting processing of cluster 926/1214
2017-08-30 21:41:09,590 - DEBUG - Starting processing of cluster 927/1214
2017-08-30 21:41:09,596 - DEBUG - Starting processing of cluster 928/1214
2017-08-30 21:41:09,598 - DEBUG - Starting processing of cluster 929/1214
2017-08-30 21:41:09,610 - DEBUG - Starting processing of cluster 930/1214
2017-08-30 21:41:09,615 - DEBUG - Starting processing of cluster 931/1214
2017-08-30 21:41:09,618 - DEBUG - Starting processing of cluster 932/1214
2017-08-30 21:41:09,619 - DEBUG - Starting processing of cluster 933/1214
2017-08-30 21:41:09,624 - DEBUG - Starting processing of cluster 934/1214
2017-08-30 21:41:09,629 - DEBUG - Starting processing of cluster 935/1214
2017-08-30 21:41:09,631 - DEBUG - Starting processing of cluster 936/1214
2017-08-30 21:41:09,637 - DEBUG - Starting processing of cluster 937/1214
2017-08-30 21:41:09,643 - DEBUG - Starting processing of cluster 938/1214
2017-08-30 21:41:09,654 - DEBUG - Starting processing of cluster 939/1214
2017-08-30 21:41:09,655 - DEBUG - Starting processing of cluster 940/1214
2017-08-30 21:41:09,657 - DEBUG - Starting processing of cluster 941/1214
2017-08-30 21:41:09,660 - DEBUG - Starting processing of cluster 942/1214
2017-08-30 21:41:09,662 - DEBUG - Starting processing of cluster 943/1214
2017-08-30 21:41:09,663 - DEBUG - Starting processing of cluster 944/1214
2017-08-30 21:41:09,666 - DEBUG - Starting processing of cluster 945/1214
2017-08-30 21:41:09,670 - DEBUG - Starting processing of cluster 946/1214
2017-08-30 21:41:09,672 - DEBUG - Starting processing of cluster 947/1214
2017-08-30 21:41:09,678 - DEBUG - Starting processing of cluster 948/1214
2017-08-30 21:41:09,681 - DEBUG - Starting processing of cluster 949/1214
2017-08-30 21:41:09,688 - DEBUG - Starting processing of cluster 950/1214
2017-08-30 21:41:09,690 - DEBUG - Starting processing of cluster 951/1214
2017-08-30 21:41:09,692 - DEBUG - Starting processing of cluster 952/1214
2017-08-30 21:41:09,693 - DEBUG - Starting processing of cluster 953/1214
2017-08-30 21:41:09,707 - DEBUG - Starting processing of cluster 954/1214
2017-08-30 21:41:09,711 - DEBUG - Starting processing of cluster 955/1214
2017-08-30 21:41:09,713 - DEBUG - Starting processing of cluster 956/1214
2017-08-30 21:41:09,716 - DEBUG - Starting processing of cluster 957/1214
2017-08-30 21:41:09,718 - DEBUG - Starting processing of cluster 958/1214
2017-08-30 21:41:09,720 - DEBUG - Starting processing of cluster 959/1214
2017-08-30 21:41:09,725 - DEBUG - Starting processing of cluster 960/1214
2017-08-30 21:41:09,727 - DEBUG - Starting processing of cluster 961/1214
2017-08-30 21:41:09,728 - DEBUG - Starting processing of cluster 962/1214
2017-08-30 21:41:09,735 - DEBUG - Starting processing of cluster 963/1214
2017-08-30 21:41:09,741 - DEBUG - Starting processing of cluster 964/1214
2017-08-30 21:41:09,743 - DEBUG - Starting processing of cluster 965/1214
2017-08-30 21:41:09,749 - DEBUG - Starting processing of cluster 966/1214
2017-08-30 21:41:09,751 - DEBUG - Starting processing of cluster 967/1214
2017-08-30 21:41:09,755 - DEBUG - Starting processing of cluster 968/1214
2017-08-30 21:41:09,757 - DEBUG - Starting processing of cluster 969/1214
2017-08-30 21:41:09,759 - DEBUG - Starting processing of cluster 970/1214
2017-08-30 21:41:09,761 - DEBUG - Starting processing of cluster 971/1214
2017-08-30 21:41:09,763 - DEBUG - Starting processing of cluster 972/1214
2017-08-30 21:41:09,764 - DEBUG - Starting processing of cluster 973/1214
2017-08-30 21:41:09,766 - DEBUG - Starting processing of cluster 974/1214
2017-08-30 21:41:09,772 - DEBUG - Starting processing of cluster 975/1214
2017-08-30 21:41:09,774 - DEBUG - Starting processing of cluster 976/1214
2017-08-30 21:41:09,776 - DEBUG - Starting processing of cluster 977/1214
2017-08-30 21:41:09,778 - DEBUG - Starting processing of cluster 978/1214
2017-08-30 21:41:09,780 - DEBUG - Starting processing of cluster 979/1214
2017-08-30 21:41:09,784 - DEBUG - Starting processing of cluster 980/1214
2017-08-30 21:41:09,788 - DEBUG - Starting processing of cluster 981/1214
2017-08-30 21:41:09,795 - DEBUG - Starting processing of cluster 982/1214
2017-08-30 21:41:09,800 - DEBUG - Starting processing of cluster 983/1214
2017-08-30 21:41:09,801 - DEBUG - Starting processing of cluster 984/1214
2017-08-30 21:41:09,805 - DEBUG - Starting processing of cluster 985/1214
2017-08-30 21:41:09,807 - DEBUG - Starting processing of cluster 986/1214
2017-08-30 21:41:09,809 - DEBUG - Starting processing of cluster 987/1214
2017-08-30 21:41:09,811 - DEBUG - Starting processing of cluster 988/1214
2017-08-30 21:41:09,813 - DEBUG - Starting processing of cluster 989/1214
2017-08-30 21:41:09,815 - DEBUG - Starting processing of cluster 990/1214
2017-08-30 21:41:09,817 - DEBUG - Starting processing of cluster 991/1214
2017-08-30 21:41:09,819 - DEBUG - Starting processing of cluster 992/1214
2017-08-30 21:41:09,821 - DEBUG - Starting processing of cluster 993/1214
2017-08-30 21:41:09,832 - DEBUG - Starting processing of cluster 994/1214
2017-08-30 21:41:09,834 - DEBUG - Starting processing of cluster 995/1214
2017-08-30 21:41:09,846 - DEBUG - Starting processing of cluster 996/1214
2017-08-30 21:41:09,852 - DEBUG - Starting processing of cluster 997/1214
2017-08-30 21:41:09,854 - DEBUG - Starting processing of cluster 998/1214
2017-08-30 21:41:09,860 - DEBUG - Starting processing of cluster 999/1214
2017-08-30 21:41:09,862 - DEBUG - Starting processing of cluster 1000/1214
2017-08-30 21:41:09,866 - DEBUG - Starting processing of cluster 1001/1214
2017-08-30 21:41:09,871 - DEBUG - Starting processing of cluster 1002/1214
2017-08-30 21:41:09,878 - DEBUG - Starting processing of cluster 1003/1214
2017-08-30 21:41:09,884 - DEBUG - Starting processing of cluster 1004/1214
2017-08-30 21:41:09,889 - DEBUG - Starting processing of cluster 1005/1214
2017-08-30 21:41:09,891 - DEBUG - Starting processing of cluster 1006/1214
2017-08-30 21:41:09,897 - DEBUG - Starting processing of cluster 1007/1214
2017-08-30 21:41:09,900 - DEBUG - Starting processing of cluster 1008/1214
2017-08-30 21:41:09,902 - DEBUG - Starting processing of cluster 1009/1214
2017-08-30 21:41:09,904 - DEBUG - Starting processing of cluster 1010/1214
2017-08-30 21:41:09,906 - DEBUG - Starting processing of cluster 1011/1214
2017-08-30 21:41:09,908 - DEBUG - Starting processing of cluster 1012/1214
2017-08-30 21:41:09,919 - DEBUG - Starting processing of cluster 1013/1214
2017-08-30 21:41:09,921 - DEBUG - Starting processing of cluster 1014/1214
2017-08-30 21:41:09,923 - DEBUG - Starting processing of cluster 1015/1214
2017-08-30 21:41:09,925 - DEBUG - Starting processing of cluster 1016/1214
2017-08-30 21:41:09,927 - DEBUG - Starting processing of cluster 1017/1214
2017-08-30 21:41:09,933 - DEBUG - Starting processing of cluster 1018/1214
2017-08-30 21:41:09,937 - DEBUG - Starting processing of cluster 1019/1214
2017-08-30 21:41:09,941 - DEBUG - Starting processing of cluster 1020/1214
2017-08-30 21:41:09,943 - DEBUG - Starting processing of cluster 1021/1214
2017-08-30 21:41:09,947 - DEBUG - Starting processing of cluster 1022/1214
2017-08-30 21:41:09,952 - DEBUG - Starting processing of cluster 1023/1214
2017-08-30 21:41:09,954 - DEBUG - Starting processing of cluster 1024/1214
2017-08-30 21:41:09,957 - DEBUG - Starting processing of cluster 1025/1214
2017-08-30 21:41:09,959 - DEBUG - Starting processing of cluster 1026/1214
2017-08-30 21:41:09,965 - DEBUG - Starting processing of cluster 1027/1214
2017-08-30 21:41:09,971 - DEBUG - Starting processing of cluster 1028/1214
2017-08-30 21:41:09,973 - DEBUG - Starting processing of cluster 1029/1214
2017-08-30 21:41:09,975 - DEBUG - Starting processing of cluster 1030/1214
2017-08-30 21:41:09,982 - DEBUG - Starting processing of cluster 1031/1214
2017-08-30 21:41:09,988 - DEBUG - Starting processing of cluster 1032/1214
2017-08-30 21:41:09,993 - DEBUG - Starting processing of cluster 1033/1214
2017-08-30 21:41:09,999 - DEBUG - Starting processing of cluster 1034/1214
2017-08-30 21:41:10,002 - DEBUG - Starting processing of cluster 1035/1214
2017-08-30 21:41:10,007 - DEBUG - Starting processing of cluster 1036/1214
2017-08-30 21:41:10,009 - DEBUG - Starting processing of cluster 1037/1214
2017-08-30 21:41:10,011 - DEBUG - Starting processing of cluster 1038/1214
2017-08-30 21:41:10,015 - DEBUG - Starting processing of cluster 1039/1214
2017-08-30 21:41:10,017 - DEBUG - Starting processing of cluster 1040/1214
2017-08-30 21:41:10,022 - DEBUG - Starting processing of cluster 1041/1214
2017-08-30 21:41:10,028 - DEBUG - Starting processing of cluster 1042/1214
2017-08-30 21:41:10,033 - DEBUG - Starting processing of cluster 1043/1214
2017-08-30 21:41:10,035 - DEBUG - Starting processing of cluster 1044/1214
2017-08-30 21:41:10,039 - DEBUG - Starting processing of cluster 1045/1214
2017-08-30 21:41:10,043 - DEBUG - Starting processing of cluster 1046/1214
2017-08-30 21:41:10,045 - DEBUG - Starting processing of cluster 1047/1214
2017-08-30 21:41:10,047 - DEBUG - Starting processing of cluster 1048/1214
2017-08-30 21:41:10,052 - DEBUG - Starting processing of cluster 1049/1214
2017-08-30 21:41:10,056 - DEBUG - Starting processing of cluster 1050/1214
2017-08-30 21:41:10,060 - DEBUG - Starting processing of cluster 1051/1214
2017-08-30 21:41:10,062 - DEBUG - Starting processing of cluster 1052/1214
2017-08-30 21:41:10,065 - DEBUG - Starting processing of cluster 1053/1214
2017-08-30 21:41:10,068 - DEBUG - Starting processing of cluster 1054/1214
2017-08-30 21:41:10,071 - DEBUG - Starting processing of cluster 1055/1214
2017-08-30 21:41:10,074 - DEBUG - Starting processing of cluster 1056/1214
2017-08-30 21:41:10,081 - DEBUG - Starting processing of cluster 1057/1214
2017-08-30 21:41:10,086 - DEBUG - Starting processing of cluster 1058/1214
2017-08-30 21:41:10,088 - DEBUG - Starting processing of cluster 1059/1214
2017-08-30 21:41:10,092 - DEBUG - Starting processing of cluster 1060/1214
2017-08-30 21:41:10,094 - DEBUG - Starting processing of cluster 1061/1214
2017-08-30 21:41:10,096 - DEBUG - Starting processing of cluster 1062/1214
2017-08-30 21:41:10,100 - DEBUG - Starting processing of cluster 1063/1214
2017-08-30 21:41:10,103 - DEBUG - Starting processing of cluster 1064/1214
2017-08-30 21:41:10,105 - DEBUG - Starting processing of cluster 1065/1214
2017-08-30 21:41:10,109 - DEBUG - Starting processing of cluster 1066/1214
2017-08-30 21:41:10,115 - DEBUG - Starting processing of cluster 1067/1214
2017-08-30 21:41:10,117 - DEBUG - Starting processing of cluster 1068/1214
2017-08-30 21:41:10,120 - DEBUG - Starting processing of cluster 1069/1214
2017-08-30 21:41:10,122 - DEBUG - Starting processing of cluster 1070/1214
2017-08-30 21:41:10,126 - DEBUG - Starting processing of cluster 1071/1214
2017-08-30 21:41:10,128 - DEBUG - Starting processing of cluster 1072/1214
2017-08-30 21:41:10,133 - DEBUG - Starting processing of cluster 1073/1214
2017-08-30 21:41:10,139 - DEBUG - Starting processing of cluster 1074/1214
2017-08-30 21:41:10,142 - DEBUG - Starting processing of cluster 1075/1214
2017-08-30 21:41:10,145 - DEBUG - Starting processing of cluster 1076/1214
2017-08-30 21:41:10,147 - DEBUG - Starting processing of cluster 1077/1214
2017-08-30 21:41:10,151 - DEBUG - Starting processing of cluster 1078/1214
2017-08-30 21:41:10,156 - DEBUG - Starting processing of cluster 1079/1214
2017-08-30 21:41:10,157 - DEBUG - Starting processing of cluster 1080/1214
2017-08-30 21:41:10,159 - DEBUG - Starting processing of cluster 1081/1214
2017-08-30 21:41:10,162 - DEBUG - Starting processing of cluster 1082/1214
2017-08-30 21:41:10,164 - DEBUG - Starting processing of cluster 1083/1214
2017-08-30 21:41:10,169 - DEBUG - Starting processing of cluster 1084/1214
2017-08-30 21:41:10,170 - DEBUG - Starting processing of cluster 1085/1214
2017-08-30 21:41:10,172 - DEBUG - Starting processing of cluster 1086/1214
2017-08-30 21:41:10,174 - DEBUG - Starting processing of cluster 1087/1214
2017-08-30 21:41:10,177 - DEBUG - Starting processing of cluster 1088/1214
2017-08-30 21:41:10,179 - DEBUG - Starting processing of cluster 1089/1214
2017-08-30 21:41:10,182 - DEBUG - Starting processing of cluster 1090/1214
2017-08-30 21:41:10,184 - DEBUG - Starting processing of cluster 1091/1214
2017-08-30 21:41:10,185 - DEBUG - Starting processing of cluster 1092/1214
2017-08-30 21:41:10,187 - DEBUG - Starting processing of cluster 1093/1214
2017-08-30 21:41:10,189 - DEBUG - Starting processing of cluster 1094/1214
2017-08-30 21:41:10,191 - DEBUG - Starting processing of cluster 1095/1214
2017-08-30 21:41:10,193 - DEBUG - Starting processing of cluster 1096/1214
2017-08-30 21:41:10,195 - DEBUG - Starting processing of cluster 1097/1214
2017-08-30 21:41:10,196 - DEBUG - Starting processing of cluster 1098/1214
2017-08-30 21:41:10,198 - DEBUG - Starting processing of cluster 1099/1214
2017-08-30 21:41:10,200 - DEBUG - Starting processing of cluster 1100/1214
2017-08-30 21:41:10,202 - DEBUG - Starting processing of cluster 1101/1214
2017-08-30 21:41:10,204 - DEBUG - Starting processing of cluster 1102/1214
2017-08-30 21:41:10,205 - DEBUG - Starting processing of cluster 1103/1214
2017-08-30 21:41:10,207 - DEBUG - Starting processing of cluster 1104/1214
2017-08-30 21:41:10,209 - DEBUG - Starting processing of cluster 1105/1214
2017-08-30 21:41:10,211 - DEBUG - Starting processing of cluster 1106/1214
2017-08-30 21:41:10,213 - DEBUG - Starting processing of cluster 1107/1214
2017-08-30 21:41:10,215 - DEBUG - Starting processing of cluster 1108/1214
2017-08-30 21:41:10,217 - DEBUG - Starting processing of cluster 1109/1214
2017-08-30 21:41:10,222 - DEBUG - Starting processing of cluster 1110/1214
2017-08-30 21:41:10,225 - DEBUG - Starting processing of cluster 1111/1214
2017-08-30 21:41:10,227 - DEBUG - Starting processing of cluster 1112/1214
2017-08-30 21:41:10,237 - DEBUG - Starting processing of cluster 1113/1214
2017-08-30 21:41:10,250 - DEBUG - Starting processing of cluster 1114/1214
2017-08-30 21:41:10,259 - DEBUG - Starting processing of cluster 1115/1214
2017-08-30 21:41:10,261 - DEBUG - Starting processing of cluster 1116/1214
2017-08-30 21:41:10,263 - DEBUG - Starting processing of cluster 1117/1214
2017-08-30 21:41:10,264 - DEBUG - Starting processing of cluster 1118/1214
2017-08-30 21:41:10,270 - DEBUG - Starting processing of cluster 1119/1214
2017-08-30 21:41:10,274 - DEBUG - Starting processing of cluster 1120/1214
2017-08-30 21:41:10,281 - DEBUG - Starting processing of cluster 1121/1214
2017-08-30 21:41:10,282 - DEBUG - Starting processing of cluster 1122/1214
2017-08-30 21:41:10,284 - DEBUG - Starting processing of cluster 1123/1214
2017-08-30 21:41:10,286 - DEBUG - Starting processing of cluster 1124/1214
2017-08-30 21:41:10,289 - DEBUG - Starting processing of cluster 1125/1214
2017-08-30 21:41:10,296 - DEBUG - Starting processing of cluster 1126/1214
2017-08-30 21:41:10,299 - DEBUG - Starting processing of cluster 1127/1214
2017-08-30 21:41:10,301 - DEBUG - Starting processing of cluster 1128/1214
2017-08-30 21:41:10,306 - DEBUG - Starting processing of cluster 1129/1214
2017-08-30 21:41:10,313 - DEBUG - Starting processing of cluster 1130/1214
2017-08-30 21:41:10,318 - DEBUG - Starting processing of cluster 1131/1214
2017-08-30 21:41:10,326 - DEBUG - Starting processing of cluster 1132/1214
2017-08-30 21:41:10,329 - DEBUG - Starting processing of cluster 1133/1214
2017-08-30 21:41:10,332 - DEBUG - Starting processing of cluster 1134/1214
2017-08-30 21:41:10,335 - DEBUG - Starting processing of cluster 1135/1214
2017-08-30 21:41:10,338 - DEBUG - Starting processing of cluster 1136/1214
2017-08-30 21:41:10,342 - DEBUG - Starting processing of cluster 1137/1214
2017-08-30 21:41:10,343 - DEBUG - Starting processing of cluster 1138/1214
2017-08-30 21:41:10,347 - DEBUG - Starting processing of cluster 1139/1214
2017-08-30 21:41:10,353 - DEBUG - Starting processing of cluster 1140/1214
2017-08-30 21:41:10,358 - DEBUG - Starting processing of cluster 1141/1214
2017-08-30 21:41:10,362 - DEBUG - Starting processing of cluster 1142/1214
2017-08-30 21:41:10,364 - DEBUG - Starting processing of cluster 1143/1214
2017-08-30 21:41:10,368 - DEBUG - Starting processing of cluster 1144/1214
2017-08-30 21:41:10,372 - DEBUG - Starting processing of cluster 1145/1214
2017-08-30 21:41:10,374 - DEBUG - Starting processing of cluster 1146/1214
2017-08-30 21:41:10,376 - DEBUG - Starting processing of cluster 1147/1214
2017-08-30 21:41:10,380 - DEBUG - Starting processing of cluster 1148/1214
2017-08-30 21:41:10,382 - DEBUG - Starting processing of cluster 1149/1214
2017-08-30 21:41:10,385 - DEBUG - Starting processing of cluster 1150/1214
2017-08-30 21:41:10,389 - DEBUG - Starting processing of cluster 1151/1214
2017-08-30 21:41:10,392 - DEBUG - Starting processing of cluster 1152/1214
2017-08-30 21:41:10,395 - DEBUG - Starting processing of cluster 1153/1214
2017-08-30 21:41:10,397 - DEBUG - Starting processing of cluster 1154/1214
2017-08-30 21:41:10,399 - DEBUG - Starting processing of cluster 1155/1214
2017-08-30 21:41:10,401 - DEBUG - Starting processing of cluster 1156/1214
2017-08-30 21:41:10,404 - DEBUG - Starting processing of cluster 1157/1214
2017-08-30 21:41:10,406 - DEBUG - Starting processing of cluster 1158/1214
2017-08-30 21:41:10,409 - DEBUG - Starting processing of cluster 1159/1214
2017-08-30 21:41:10,411 - DEBUG - Starting processing of cluster 1160/1214
2017-08-30 21:41:10,413 - DEBUG - Starting processing of cluster 1161/1214
2017-08-30 21:41:10,414 - DEBUG - Starting processing of cluster 1162/1214
2017-08-30 21:41:10,416 - DEBUG - Starting processing of cluster 1163/1214
2017-08-30 21:41:10,418 - DEBUG - Starting processing of cluster 1164/1214
2017-08-30 21:41:10,420 - DEBUG - Starting processing of cluster 1165/1214
2017-08-30 21:41:10,422 - DEBUG - Starting processing of cluster 1166/1214
2017-08-30 21:41:10,426 - DEBUG - Starting processing of cluster 1167/1214
2017-08-30 21:41:10,428 - DEBUG - Starting processing of cluster 1168/1214
2017-08-30 21:41:10,430 - DEBUG - Starting processing of cluster 1169/1214
2017-08-30 21:41:10,432 - DEBUG - Starting processing of cluster 1170/1214
2017-08-30 21:41:10,434 - DEBUG - Starting processing of cluster 1171/1214
2017-08-30 21:41:10,436 - DEBUG - Starting processing of cluster 1172/1214
2017-08-30 21:41:10,439 - DEBUG - Starting processing of cluster 1173/1214
2017-08-30 21:41:10,440 - DEBUG - Starting processing of cluster 1174/1214
2017-08-30 21:41:10,444 - DEBUG - Starting processing of cluster 1175/1214
2017-08-30 21:41:10,450 - DEBUG - Starting processing of cluster 1176/1214
2017-08-30 21:41:10,452 - DEBUG - Starting processing of cluster 1177/1214
2017-08-30 21:41:10,454 - DEBUG - Starting processing of cluster 1178/1214
2017-08-30 21:41:10,456 - DEBUG - Starting processing of cluster 1179/1214
2017-08-30 21:41:10,459 - DEBUG - Starting processing of cluster 1180/1214
2017-08-30 21:41:10,463 - DEBUG - Starting processing of cluster 1181/1214
2017-08-30 21:41:10,466 - DEBUG - Starting processing of cluster 1182/1214
2017-08-30 21:41:10,467 - DEBUG - Starting processing of cluster 1183/1214
2017-08-30 21:41:10,469 - DEBUG - Starting processing of cluster 1184/1214
2017-08-30 21:41:10,473 - DEBUG - Starting processing of cluster 1185/1214
2017-08-30 21:41:10,474 - DEBUG - Starting processing of cluster 1186/1214
2017-08-30 21:41:10,480 - DEBUG - Starting processing of cluster 1187/1214
2017-08-30 21:41:10,481 - DEBUG - Starting processing of cluster 1188/1214
2017-08-30 21:41:10,483 - DEBUG - Starting processing of cluster 1189/1214
2017-08-30 21:41:10,485 - DEBUG - Starting processing of cluster 1190/1214
2017-08-30 21:41:10,487 - DEBUG - Starting processing of cluster 1191/1214
2017-08-30 21:41:10,489 - DEBUG - Starting processing of cluster 1192/1214
2017-08-30 21:41:10,493 - DEBUG - Starting processing of cluster 1193/1214
2017-08-30 21:41:10,495 - DEBUG - Starting processing of cluster 1194/1214
2017-08-30 21:41:10,497 - DEBUG - Starting processing of cluster 1195/1214
2017-08-30 21:41:10,499 - DEBUG - Starting processing of cluster 1196/1214
2017-08-30 21:41:10,501 - DEBUG - Starting processing of cluster 1197/1214
2017-08-30 21:41:10,502 - DEBUG - Starting processing of cluster 1198/1214
2017-08-30 21:41:10,506 - DEBUG - Starting processing of cluster 1199/1214
2017-08-30 21:41:10,508 - DEBUG - Starting processing of cluster 1200/1214
2017-08-30 21:41:10,509 - DEBUG - Starting processing of cluster 1201/1214
2017-08-30 21:41:10,511 - DEBUG - Starting processing of cluster 1202/1214
2017-08-30 21:41:10,513 - DEBUG - Starting processing of cluster 1203/1214
2017-08-30 21:41:10,515 - DEBUG - Starting processing of cluster 1204/1214
2017-08-30 21:41:10,517 - DEBUG - Starting processing of cluster 1205/1214
2017-08-30 21:41:10,519 - DEBUG - Starting processing of cluster 1206/1214
2017-08-30 21:41:10,521 - DEBUG - Starting processing of cluster 1207/1214
2017-08-30 21:41:10,523 - DEBUG - Starting processing of cluster 1208/1214
2017-08-30 21:41:10,525 - DEBUG - Starting processing of cluster 1209/1214
2017-08-30 21:41:10,527 - DEBUG - Starting processing of cluster 1210/1214
2017-08-30 21:41:10,529 - DEBUG - Starting processing of cluster 1211/1214
2017-08-30 21:41:10,531 - DEBUG - Starting processing of cluster 1212/1214
2017-08-30 21:41:10,533 - DEBUG - Starting processing of cluster 1213/1214
2017-08-30 21:41:10,534 - DEBUG - Starting processing of cluster 1214/1214
2017-08-30 21:41:10,545 - INFO - Saving data frame to ../../data/interim/fire_clusters/fire_clusters_modis_alaska_2007-2016.pkl
2017-08-30 21:41:10,564 - INFO - Finished fire data frame to cluster conversion
